[ 2017-04-20T11:16:16+08:00 ] 127.0.0.1 /hongsheng/
INFO: [ app_init ] --START--
INFO: Run Behavior\BuildLiteBehavior [ RunTime:0.000023s ]
INFO: [ app_init ] --END-- [ RunTime:0.008952s ]
INFO: [ app_begin ] --START--
INFO: Run Behavior\ReadHtmlCacheBehavior [ RunTime:0.021555s ]
INFO: [ app_begin ] --END-- [ RunTime:0.021683s ]
SQL: SHOW COLUMNS FROM `goods` [ RunTime:0.0542s ]
SQL: SELECT * FROM `goods` WHERE `etime` > '2017-04-20' AND `status` = 1 AND `is_hot` = 1 ORDER BY id desc LIMIT 4   [ RunTime:0.0440s ]
SQL: SELECT * FROM `goods` WHERE `etime` > '2017-04-20' AND `status` = 1 AND `is_hot` = 0 ORDER BY id desc LIMIT 4   [ RunTime:0.0451s ]
SQL: SELECT * FROM `goods` WHERE `is_hot` <> -1 AND `etime` > '2017-04-20' AND `status` = 1 ORDER BY good_click desc LIMIT 4   [ RunTime:0.0451s ]
INFO: [ view_parse ] --START--
INFO: [ template_filter ] --START--
INFO: Run Behavior\ContentReplaceBehavior [ RunTime:0.000104s ]
INFO: [ template_filter ] --END-- [ RunTime:0.000262s ]
NOTIC: [8] Undefined variable: keyword D:\wamp\www\hongsheng\Application\Runtime\Cache\Home\289c558c08eeef360ddf8da40f0452ae.php 第 5 行.
NOTIC: [8] Undefined variable: description D:\wamp\www\hongsheng\Application\Runtime\Cache\Home\289c558c08eeef360ddf8da40f0452ae.php 第 6 行.
INFO: Run Behavior\ParseTemplateBehavior [ RunTime:0.051715s ]
INFO: [ view_parse ] --END-- [ RunTime:0.051821s ]
INFO: [ view_filter ] --START--
INFO: Run Behavior\WriteHtmlCacheBehavior [ RunTime:0.015827s ]
INFO: [ view_filter ] --END-- [ RunTime:0.015919s ]
INFO: [ app_end ] --START--
INFO: Run Behavior\ShowPageTraceBehavior [ RunTime:0.013668s ]
INFO: [ app_end ] --END-- [ RunTime:0.014091s ]

[ 2017-04-20T11:16:19+08:00 ] 127.0.0.1 /hongsheng/index.php/Home/Index/goodslist.html?hot=1
INFO: [ app_init ] --START--
INFO: Run Behavior\BuildLiteBehavior [ RunTime:0.000019s ]
INFO: [ app_init ] --END-- [ RunTime:0.000477s ]
INFO: [ app_begin ] --START--
INFO: Run Behavior\ReadHtmlCacheBehavior [ RunTime:0.000730s ]
INFO: [ app_begin ] --END-- [ RunTime:0.000809s ]
SQL: SHOW COLUMNS FROM `goods` [ RunTime:0.0403s ]
SQL: SELECT COUNT(*) AS tp_count FROM `goods` WHERE `is_hot` = 1 AND `etime` > '2017-04-20' AND `status` = 1 LIMIT 1   [ RunTime:0.0427s ]
SQL: SELECT * FROM `goods` WHERE `is_hot` = 1 AND `etime` > '2017-04-20' AND `status` = 1 ORDER BY id desc LIMIT 0,8   [ RunTime:0.0383s ]
INFO: [ view_parse ] --START--
INFO: [ template_filter ] --START--
INFO: Run Behavior\ContentReplaceBehavior [ RunTime:0.000057s ]
INFO: [ template_filter ] --END-- [ RunTime:0.000168s ]
NOTIC: [8] Undefined variable: keyword D:\wamp\www\hongsheng\Application\Runtime\Cache\Home\b442482666034951a2ff513b97759b0c.php 第 5 行.
NOTIC: [8] Undefined variable: description D:\wamp\www\hongsheng\Application\Runtime\Cache\Home\b442482666034951a2ff513b97759b0c.php 第 6 行.
INFO: Run Behavior\ParseTemplateBehavior [ RunTime:0.013295s ]
INFO: [ view_parse ] --END-- [ RunTime:0.013401s ]
INFO: [ view_filter ] --START--
INFO: Run Behavior\WriteHtmlCacheBehavior [ RunTime:0.000436s ]
INFO: [ view_filter ] --END-- [ RunTime:0.000506s ]
INFO: [ app_end ] --START--
INFO: Run Behavior\ShowPageTraceBehavior [ RunTime:0.000739s ]
INFO: [ app_end ] --END-- [ RunTime:0.000843s ]

[ 2017-04-20T11:16:24+08:00 ] 127.0.0.1 /hongsheng/index.php/Home/Index/index.html
INFO: [ app_init ] --START--
INFO: Run Behavior\BuildLiteBehavior [ RunTime:0.000019s ]
INFO: [ app_init ] --END-- [ RunTime:0.000771s ]
INFO: [ app_begin ] --START--
INFO: Run Behavior\ReadHtmlCacheBehavior [ RunTime:0.000830s ]
INFO: [ app_begin ] --END-- [ RunTime:0.000941s ]
SQL: SHOW COLUMNS FROM `goods` [ RunTime:0.0389s ]
SQL: SELECT * FROM `goods` WHERE `etime` > '2017-04-20' AND `status` = 1 AND `is_hot` = 1 ORDER BY id desc LIMIT 4   [ RunTime:0.0395s ]
SQL: SELECT * FROM `goods` WHERE `etime` > '2017-04-20' AND `status` = 1 AND `is_hot` = 0 ORDER BY id desc LIMIT 4   [ RunTime:0.0396s ]
SQL: SELECT * FROM `goods` WHERE `is_hot` <> -1 AND `etime` > '2017-04-20' AND `status` = 1 ORDER BY good_click desc LIMIT 4   [ RunTime:0.0393s ]
INFO: [ view_parse ] --START--
INFO: [ template_filter ] --START--
INFO: Run Behavior\ContentReplaceBehavior [ RunTime:0.000065s ]
INFO: [ template_filter ] --END-- [ RunTime:0.000176s ]
NOTIC: [8] Undefined variable: keyword D:\wamp\www\hongsheng\Application\Runtime\Cache\Home\289c558c08eeef360ddf8da40f0452ae.php 第 5 行.
NOTIC: [8] Undefined variable: description D:\wamp\www\hongsheng\Application\Runtime\Cache\Home\289c558c08eeef360ddf8da40f0452ae.php 第 6 行.
INFO: Run Behavior\ParseTemplateBehavior [ RunTime:0.012534s ]
INFO: [ view_parse ] --END-- [ RunTime:0.012615s ]
INFO: [ view_filter ] --START--
INFO: Run Behavior\WriteHtmlCacheBehavior [ RunTime:0.000427s ]
INFO: [ view_filter ] --END-- [ RunTime:0.000495s ]
INFO: [ app_end ] --START--
INFO: Run Behavior\ShowPageTraceBehavior [ RunTime:0.000705s ]
INFO: [ app_end ] --END-- [ RunTime:0.000811s ]

[ 2017-04-20T11:16:38+08:00 ] 127.0.0.1 /hongsheng/index.php/Home/Index/goodslist.html?hot=1
INFO: [ app_init ] --START--
INFO: Run Behavior\BuildLiteBehavior [ RunTime:0.000019s ]
INFO: [ app_init ] --END-- [ RunTime:0.000501s ]
INFO: [ app_begin ] --START--
INFO: Run Behavior\ReadHtmlCacheBehavior [ RunTime:0.000694s ]
INFO: [ app_begin ] --END-- [ RunTime:0.000849s ]
SQL: SHOW COLUMNS FROM `goods` [ RunTime:0.0457s ]
SQL: SELECT COUNT(*) AS tp_count FROM `goods` WHERE `is_hot` = 1 AND `etime` > '2017-04-20' AND `status` = 1 LIMIT 1   [ RunTime:0.0421s ]
SQL: SELECT * FROM `goods` WHERE `is_hot` = 1 AND `etime` > '2017-04-20' AND `status` = 1 ORDER BY id desc LIMIT 0,8   [ RunTime:0.0421s ]
INFO: [ view_parse ] --START--
INFO: [ template_filter ] --START--
INFO: Run Behavior\ContentReplaceBehavior [ RunTime:0.000058s ]
INFO: [ template_filter ] --END-- [ RunTime:0.000136s ]
NOTIC: [8] Undefined variable: keyword D:\wamp\www\hongsheng\Application\Runtime\Cache\Home\b442482666034951a2ff513b97759b0c.php 第 5 行.
NOTIC: [8] Undefined variable: description D:\wamp\www\hongsheng\Application\Runtime\Cache\Home\b442482666034951a2ff513b97759b0c.php 第 6 行.
INFO: Run Behavior\ParseTemplateBehavior [ RunTime:0.009175s ]
INFO: [ view_parse ] --END-- [ RunTime:0.009290s ]
INFO: [ view_filter ] --START--
INFO: Run Behavior\WriteHtmlCacheBehavior [ RunTime:0.000309s ]
INFO: [ view_filter ] --END-- [ RunTime:0.000378s ]
INFO: [ app_end ] --START--
INFO: Run Behavior\ShowPageTraceBehavior [ RunTime:0.000693s ]
INFO: [ app_end ] --END-- [ RunTime:0.000798s ]

[ 2017-04-20T11:16:50+08:00 ] 127.0.0.1 /hongsheng/index.php/Home/Index/goodslist.html?hot=0
INFO: [ app_init ] --START--
INFO: Run Behavior\BuildLiteBehavior [ RunTime:0.000017s ]
INFO: [ app_init ] --END-- [ RunTime:0.000436s ]
INFO: [ app_begin ] --START--
INFO: Run Behavior\ReadHtmlCacheBehavior [ RunTime:0.000856s ]
INFO: [ app_begin ] --END-- [ RunTime:0.000952s ]
SQL: SHOW COLUMNS FROM `goods` [ RunTime:0.0402s ]
SQL: SELECT COUNT(*) AS tp_count FROM `goods` WHERE `is_hot` = 0 AND `etime` > '2017-04-20' AND `status` = 1 LIMIT 1   [ RunTime:0.0382s ]
SQL: SELECT * FROM `goods` WHERE `is_hot` = 0 AND `etime` > '2017-04-20' AND `status` = 1 ORDER BY id desc LIMIT 0,8   [ RunTime:0.0385s ]
INFO: [ view_parse ] --START--
INFO: [ template_filter ] --START--
INFO: Run Behavior\ContentReplaceBehavior [ RunTime:0.000057s ]
INFO: [ template_filter ] --END-- [ RunTime:0.000133s ]
NOTIC: [8] Undefined variable: keyword D:\wamp\www\hongsheng\Application\Runtime\Cache\Home\b442482666034951a2ff513b97759b0c.php 第 5 行.
NOTIC: [8] Undefined variable: description D:\wamp\www\hongsheng\Application\Runtime\Cache\Home\b442482666034951a2ff513b97759b0c.php 第 6 行.
INFO: Run Behavior\ParseTemplateBehavior [ RunTime:0.007799s ]
INFO: [ view_parse ] --END-- [ RunTime:0.007874s ]
INFO: [ view_filter ] --START--
INFO: Run Behavior\WriteHtmlCacheBehavior [ RunTime:0.000334s ]
INFO: [ view_filter ] --END-- [ RunTime:0.000403s ]
INFO: [ app_end ] --START--
INFO: Run Behavior\ShowPageTraceBehavior [ RunTime:0.000468s ]
INFO: [ app_end ] --END-- [ RunTime:0.000540s ]

[ 2017-04-20T11:16:51+08:00 ] 127.0.0.1 /hongsheng/index.php/Home/Index/text.html
INFO: [ app_init ] --START--
INFO: Run Behavior\BuildLiteBehavior [ RunTime:0.000019s ]
INFO: [ app_init ] --END-- [ RunTime:0.000601s ]
INFO: [ app_begin ] --START--
INFO: Run Behavior\ReadHtmlCacheBehavior [ RunTime:0.000715s ]
INFO: [ app_begin ] --END-- [ RunTime:0.000824s ]
INFO: [ view_parse ] --START--
INFO: [ template_filter ] --START--
INFO: Run Behavior\ContentReplaceBehavior [ RunTime:0.000057s ]
INFO: [ template_filter ] --END-- [ RunTime:0.000133s ]
NOTIC: [8] Undefined variable: keyword D:\wamp\www\hongsheng\Application\Runtime\Cache\Home\622a64e07ae05422705d53ab58d0a07b.php 第 5 行.
NOTIC: [8] Undefined variable: description D:\wamp\www\hongsheng\Application\Runtime\Cache\Home\622a64e07ae05422705d53ab58d0a07b.php 第 6 行.
NOTIC: [8] Undefined variable: menu D:\wamp\www\hongsheng\Application\Runtime\Cache\Home\622a64e07ae05422705d53ab58d0a07b.php 第 76 行.
INFO: Run Behavior\ParseTemplateBehavior [ RunTime:0.046828s ]
INFO: [ view_parse ] --END-- [ RunTime:0.046984s ]
INFO: [ view_filter ] --START--
INFO: Run Behavior\WriteHtmlCacheBehavior [ RunTime:0.000375s ]
INFO: [ view_filter ] --END-- [ RunTime:0.000480s ]
INFO: [ app_end ] --START--
INFO: Run Behavior\ShowPageTraceBehavior [ RunTime:0.000666s ]
INFO: [ app_end ] --END-- [ RunTime:0.000735s ]

[ 2017-04-20T11:16:52+08:00 ] 127.0.0.1 /hongsheng/index.php/Home/Index/notice.html
INFO: [ app_init ] --START--
INFO: Run Behavior\BuildLiteBehavior [ RunTime:0.000019s ]
INFO: [ app_init ] --END-- [ RunTime:0.000542s ]
INFO: [ app_begin ] --START--
INFO: Run Behavior\ReadHtmlCacheBehavior [ RunTime:0.000494s ]
INFO: [ app_begin ] --END-- [ RunTime:0.000574s ]
SQL: SHOW COLUMNS FROM `notice` [ RunTime:0.0439s ]
SQL: SELECT * FROM `notice` ORDER BY id desc LIMIT 1   [ RunTime:0.0406s ]
INFO: [ view_parse ] --START--
INFO: [ template_filter ] --START--
INFO: Run Behavior\ContentReplaceBehavior [ RunTime:0.000064s ]
INFO: [ template_filter ] --END-- [ RunTime:0.000150s ]
NOTIC: [8] Undefined variable: keyword D:\wamp\www\hongsheng\Application\Runtime\Cache\Home\690300f9aea1793d0a9916ecbf99051b.php 第 5 行.
NOTIC: [8] Undefined variable: description D:\wamp\www\hongsheng\Application\Runtime\Cache\Home\690300f9aea1793d0a9916ecbf99051b.php 第 6 行.
NOTIC: [8] Undefined variable: menu D:\wamp\www\hongsheng\Application\Runtime\Cache\Home\690300f9aea1793d0a9916ecbf99051b.php 第 72 行.
INFO: Run Behavior\ParseTemplateBehavior [ RunTime:0.008391s ]
INFO: [ view_parse ] --END-- [ RunTime:0.008501s ]
INFO: [ view_filter ] --START--
INFO: Run Behavior\WriteHtmlCacheBehavior [ RunTime:0.000425s ]
INFO: [ view_filter ] --END-- [ RunTime:0.000493s ]
INFO: [ app_end ] --START--
INFO: Run Behavior\ShowPageTraceBehavior [ RunTime:0.000539s ]
INFO: [ app_end ] --END-- [ RunTime:0.000606s ]

[ 2017-04-20T11:16:54+08:00 ] 127.0.0.1 /hongsheng/index.php/Home/Index/text.html
INFO: [ app_init ] --START--
INFO: Run Behavior\BuildLiteBehavior [ RunTime:0.000019s ]
INFO: [ app_init ] --END-- [ RunTime:0.000434s ]
INFO: [ app_begin ] --START--
INFO: Run Behavior\ReadHtmlCacheBehavior [ RunTime:0.000492s ]
INFO: [ app_begin ] --END-- [ RunTime:0.000575s ]
INFO: [ view_parse ] --START--
INFO: [ template_filter ] --START--
INFO: Run Behavior\ContentReplaceBehavior [ RunTime:0.000063s ]
INFO: [ template_filter ] --END-- [ RunTime:0.000159s ]
NOTIC: [8] Undefined variable: keyword D:\wamp\www\hongsheng\Application\Runtime\Cache\Home\622a64e07ae05422705d53ab58d0a07b.php 第 5 行.
NOTIC: [8] Undefined variable: description D:\wamp\www\hongsheng\Application\Runtime\Cache\Home\622a64e07ae05422705d53ab58d0a07b.php 第 6 行.
NOTIC: [8] Undefined variable: menu D:\wamp\www\hongsheng\Application\Runtime\Cache\Home\622a64e07ae05422705d53ab58d0a07b.php 第 76 行.
INFO: Run Behavior\ParseTemplateBehavior [ RunTime:0.008445s ]
INFO: [ view_parse ] --END-- [ RunTime:0.008535s ]
INFO: [ view_filter ] --START--
INFO: Run Behavior\WriteHtmlCacheBehavior [ RunTime:0.000355s ]
INFO: [ view_filter ] --END-- [ RunTime:0.000430s ]
INFO: [ app_end ] --START--
INFO: Run Behavior\ShowPageTraceBehavior [ RunTime:0.000497s ]
INFO: [ app_end ] --END-- [ RunTime:0.000569s ]

[ 2017-04-20T11:16:56+08:00 ] 127.0.0.1 /hongsheng/index.php/Home/Index/goodslist.html?hot=0
INFO: [ app_init ] --START--
INFO: Run Behavior\BuildLiteBehavior [ RunTime:0.000021s ]
INFO: [ app_init ] --END-- [ RunTime:0.000759s ]
INFO: [ app_begin ] --START--
INFO: Run Behavior\ReadHtmlCacheBehavior [ RunTime:0.000946s ]
INFO: [ app_begin ] --END-- [ RunTime:0.001071s ]
SQL: SHOW COLUMNS FROM `goods` [ RunTime:0.0390s ]
SQL: SELECT COUNT(*) AS tp_count FROM `goods` WHERE `is_hot` = 0 AND `etime` > '2017-04-20' AND `status` = 1 LIMIT 1   [ RunTime:0.0399s ]
SQL: SELECT * FROM `goods` WHERE `is_hot` = 0 AND `etime` > '2017-04-20' AND `status` = 1 ORDER BY id desc LIMIT 0,8   [ RunTime:0.0407s ]
INFO: [ view_parse ] --START--
INFO: [ template_filter ] --START--
INFO: Run Behavior\ContentReplaceBehavior [ RunTime:0.000058s ]
INFO: [ template_filter ] --END-- [ RunTime:0.000141s ]
NOTIC: [8] Undefined variable: keyword D:\wamp\www\hongsheng\Application\Runtime\Cache\Home\b442482666034951a2ff513b97759b0c.php 第 5 行.
NOTIC: [8] Undefined variable: description D:\wamp\www\hongsheng\Application\Runtime\Cache\Home\b442482666034951a2ff513b97759b0c.php 第 6 行.
INFO: Run Behavior\ParseTemplateBehavior [ RunTime:0.008668s ]
INFO: [ view_parse ] --END-- [ RunTime:0.008837s ]
INFO: [ view_filter ] --START--
INFO: Run Behavior\WriteHtmlCacheBehavior [ RunTime:0.000392s ]
INFO: [ view_filter ] --END-- [ RunTime:0.000492s ]
INFO: [ app_end ] --START--
INFO: Run Behavior\ShowPageTraceBehavior [ RunTime:0.000717s ]
INFO: [ app_end ] --END-- [ RunTime:0.000809s ]

[ 2017-04-20T11:16:59+08:00 ] 127.0.0.1 /hongsheng/index.php/Home/Index/goodslist.html?hot=1
INFO: [ app_init ] --START--
INFO: Run Behavior\BuildLiteBehavior [ RunTime:0.000021s ]
INFO: [ app_init ] --END-- [ RunTime:0.000493s ]
INFO: [ app_begin ] --START--
INFO: Run Behavior\ReadHtmlCacheBehavior [ RunTime:0.000491s ]
INFO: [ app_begin ] --END-- [ RunTime:0.000573s ]
SQL: SHOW COLUMNS FROM `goods` [ RunTime:0.0401s ]
SQL: SELECT COUNT(*) AS tp_count FROM `goods` WHERE `is_hot` = 1 AND `etime` > '2017-04-20' AND `status` = 1 LIMIT 1   [ RunTime:0.0411s ]
SQL: SELECT * FROM `goods` WHERE `is_hot` = 1 AND `etime` > '2017-04-20' AND `status` = 1 ORDER BY id desc LIMIT 0,8   [ RunTime:0.0429s ]
INFO: [ view_parse ] --START--
INFO: [ template_filter ] --START--
INFO: Run Behavior\ContentReplaceBehavior [ RunTime:0.000060s ]
INFO: [ template_filter ] --END-- [ RunTime:0.000138s ]
NOTIC: [8] Undefined variable: keyword D:\wamp\www\hongsheng\Application\Runtime\Cache\Home\b442482666034951a2ff513b97759b0c.php 第 5 行.
NOTIC: [8] Undefined variable: description D:\wamp\www\hongsheng\Application\Runtime\Cache\Home\b442482666034951a2ff513b97759b0c.php 第 6 行.
INFO: Run Behavior\ParseTemplateBehavior [ RunTime:0.007749s ]
INFO: [ view_parse ] --END-- [ RunTime:0.007845s ]
INFO: [ view_filter ] --START--
INFO: Run Behavior\WriteHtmlCacheBehavior [ RunTime:0.000306s ]
INFO: [ view_filter ] --END-- [ RunTime:0.000375s ]
INFO: [ app_end ] --START--
INFO: Run Behavior\ShowPageTraceBehavior [ RunTime:0.000477s ]
INFO: [ app_end ] --END-- [ RunTime:0.000548s ]

[ 2017-04-20T11:17:02+08:00 ] 127.0.0.1 /hongsheng/index.php/Home/Index/index.html
INFO: [ app_init ] --START--
INFO: Run Behavior\BuildLiteBehavior [ RunTime:0.000020s ]
INFO: [ app_init ] --END-- [ RunTime:0.000462s ]
INFO: [ app_begin ] --START--
INFO: Run Behavior\ReadHtmlCacheBehavior [ RunTime:0.000578s ]
INFO: [ app_begin ] --END-- [ RunTime:0.000690s ]
SQL: SHOW COLUMNS FROM `goods` [ RunTime:0.0438s ]
SQL: SELECT * FROM `goods` WHERE `etime` > '2017-04-20' AND `status` = 1 AND `is_hot` = 1 ORDER BY id desc LIMIT 4   [ RunTime:0.0419s ]
SQL: SELECT * FROM `goods` WHERE `etime` > '2017-04-20' AND `status` = 1 AND `is_hot` = 0 ORDER BY id desc LIMIT 4   [ RunTime:0.0452s ]
SQL: SELECT * FROM `goods` WHERE `is_hot` <> -1 AND `etime` > '2017-04-20' AND `status` = 1 ORDER BY good_click desc LIMIT 4   [ RunTime:0.0429s ]
INFO: [ view_parse ] --START--
INFO: [ template_filter ] --START--
INFO: Run Behavior\ContentReplaceBehavior [ RunTime:0.000085s ]
INFO: [ template_filter ] --END-- [ RunTime:0.000187s ]
NOTIC: [8] Undefined variable: keyword D:\wamp\www\hongsheng\Application\Runtime\Cache\Home\289c558c08eeef360ddf8da40f0452ae.php 第 5 行.
NOTIC: [8] Undefined variable: description D:\wamp\www\hongsheng\Application\Runtime\Cache\Home\289c558c08eeef360ddf8da40f0452ae.php 第 6 行.
INFO: Run Behavior\ParseTemplateBehavior [ RunTime:0.011732s ]
INFO: [ view_parse ] --END-- [ RunTime:0.011856s ]
INFO: [ view_filter ] --START--
INFO: Run Behavior\WriteHtmlCacheBehavior [ RunTime:0.000402s ]
INFO: [ view_filter ] --END-- [ RunTime:0.000471s ]
INFO: [ app_end ] --START--
INFO: Run Behavior\ShowPageTraceBehavior [ RunTime:0.000672s ]
INFO: [ app_end ] --END-- [ RunTime:0.000764s ]

[ 2017-04-20T11:17:15+08:00 ] 127.0.0.1 /hongsheng/index.php/Home/Index/goodslist.html?hot=1
INFO: [ app_init ] --START--
INFO: Run Behavior\BuildLiteBehavior [ RunTime:0.000023s ]
INFO: [ app_init ] --END-- [ RunTime:0.000719s ]
INFO: [ app_begin ] --START--
INFO: Run Behavior\ReadHtmlCacheBehavior [ RunTime:0.000758s ]
INFO: [ app_begin ] --END-- [ RunTime:0.000872s ]
SQL: SHOW COLUMNS FROM `goods` [ RunTime:0.0436s ]
SQL: SELECT COUNT(*) AS tp_count FROM `goods` WHERE `is_hot` = 1 AND `etime` > '2017-04-20' AND `status` = 1 LIMIT 1   [ RunTime:0.0441s ]
SQL: SELECT * FROM `goods` WHERE `is_hot` = 1 AND `etime` > '2017-04-20' AND `status` = 1 ORDER BY id desc LIMIT 0,8   [ RunTime:0.0464s ]
INFO: [ view_parse ] --START--
INFO: [ template_filter ] --START--
INFO: Run Behavior\ContentReplaceBehavior [ RunTime:0.000058s ]
INFO: [ template_filter ] --END-- [ RunTime:0.000205s ]
NOTIC: [8] Undefined variable: keyword D:\wamp\www\hongsheng\Application\Runtime\Cache\Home\b442482666034951a2ff513b97759b0c.php 第 5 行.
NOTIC: [8] Undefined variable: description D:\wamp\www\hongsheng\Application\Runtime\Cache\Home\b442482666034951a2ff513b97759b0c.php 第 6 行.
INFO: Run Behavior\ParseTemplateBehavior [ RunTime:0.010947s ]
INFO: [ view_parse ] --END-- [ RunTime:0.011112s ]
INFO: [ view_filter ] --START--
INFO: Run Behavior\WriteHtmlCacheBehavior [ RunTime:0.000379s ]
INFO: [ view_filter ] --END-- [ RunTime:0.000445s ]
INFO: [ app_end ] --START--
INFO: Run Behavior\ShowPageTraceBehavior [ RunTime:0.000633s ]
INFO: [ app_end ] --END-- [ RunTime:0.000708s ]

[ 2017-04-20T11:17:16+08:00 ] 127.0.0.1 /hongsheng/index.php/Home/Index/goodslist.html?hot=0
INFO: [ app_init ] --START--
INFO: Run Behavior\BuildLiteBehavior [ RunTime:0.000020s ]
INFO: [ app_init ] --END-- [ RunTime:0.000576s ]
INFO: [ app_begin ] --START--
INFO: Run Behavior\ReadHtmlCacheBehavior [ RunTime:0.000502s ]
INFO: [ app_begin ] --END-- [ RunTime:0.000584s ]
SQL: SHOW COLUMNS FROM `goods` [ RunTime:0.0438s ]
SQL: SELECT COUNT(*) AS tp_count FROM `goods` WHERE `is_hot` = 0 AND `etime` > '2017-04-20' AND `status` = 1 LIMIT 1   [ RunTime:0.0394s ]
SQL: SELECT * FROM `goods` WHERE `is_hot` = 0 AND `etime` > '2017-04-20' AND `status` = 1 ORDER BY id desc LIMIT 0,8   [ RunTime:0.0390s ]
INFO: [ view_parse ] --START--
INFO: [ template_filter ] --START--
INFO: Run Behavior\ContentReplaceBehavior [ RunTime:0.000059s ]
INFO: [ template_filter ] --END-- [ RunTime:0.000141s ]
NOTIC: [8] Undefined variable: keyword D:\wamp\www\hongsheng\Application\Runtime\Cache\Home\b442482666034951a2ff513b97759b0c.php 第 5 行.
NOTIC: [8] Undefined variable: description D:\wamp\www\hongsheng\Application\Runtime\Cache\Home\b442482666034951a2ff513b97759b0c.php 第 6 行.
INFO: Run Behavior\ParseTemplateBehavior [ RunTime:0.008189s ]
INFO: [ view_parse ] --END-- [ RunTime:0.008274s ]
INFO: [ view_filter ] --START--
INFO: Run Behavior\WriteHtmlCacheBehavior [ RunTime:0.000340s ]
INFO: [ view_filter ] --END-- [ RunTime:0.000476s ]
INFO: [ app_end ] --START--
INFO: Run Behavior\ShowPageTraceBehavior [ RunTime:0.000507s ]
INFO: [ app_end ] --END-- [ RunTime:0.000587s ]

[ 2017-04-20T11:17:17+08:00 ] 127.0.0.1 /hongsheng/index.php/Home/Index/text.html
INFO: [ app_init ] --START--
INFO: Run Behavior\BuildLiteBehavior [ RunTime:0.000018s ]
INFO: [ app_init ] --END-- [ RunTime:0.000424s ]
INFO: [ app_begin ] --START--
INFO: Run Behavior\ReadHtmlCacheBehavior [ RunTime:0.000491s ]
INFO: [ app_begin ] --END-- [ RunTime:0.000572s ]
INFO: [ view_parse ] --START--
INFO: [ template_filter ] --START--
INFO: Run Behavior\ContentReplaceBehavior [ RunTime:0.000058s ]
INFO: [ template_filter ] --END-- [ RunTime:0.000147s ]
NOTIC: [8] Undefined variable: keyword D:\wamp\www\hongsheng\Application\Runtime\Cache\Home\622a64e07ae05422705d53ab58d0a07b.php 第 5 行.
NOTIC: [8] Undefined variable: description D:\wamp\www\hongsheng\Application\Runtime\Cache\Home\622a64e07ae05422705d53ab58d0a07b.php 第 6 行.
NOTIC: [8] Undefined variable: menu D:\wamp\www\hongsheng\Application\Runtime\Cache\Home\622a64e07ae05422705d53ab58d0a07b.php 第 76 行.
INFO: Run Behavior\ParseTemplateBehavior [ RunTime:0.009165s ]
INFO: [ view_parse ] --END-- [ RunTime:0.009276s ]
INFO: [ view_filter ] --START--
INFO: Run Behavior\WriteHtmlCacheBehavior [ RunTime:0.000329s ]
INFO: [ view_filter ] --END-- [ RunTime:0.000405s ]
INFO: [ app_end ] --START--
INFO: Run Behavior\ShowPageTraceBehavior [ RunTime:0.000502s ]
INFO: [ app_end ] --END-- [ RunTime:0.000577s ]

[ 2017-04-20T11:17:18+08:00 ] 127.0.0.1 /hongsheng/index.php/Home/Index/notice.html
INFO: [ app_init ] --START--
INFO: Run Behavior\BuildLiteBehavior [ RunTime:0.000020s ]
INFO: [ app_init ] --END-- [ RunTime:0.000791s ]
INFO: [ app_begin ] --START--
INFO: Run Behavior\ReadHtmlCacheBehavior [ RunTime:0.000728s ]
INFO: [ app_begin ] --END-- [ RunTime:0.000846s ]
SQL: SHOW COLUMNS FROM `notice` [ RunTime:0.0395s ]
SQL: SELECT * FROM `notice` ORDER BY id desc LIMIT 1   [ RunTime:0.0389s ]
INFO: [ view_parse ] --START--
INFO: [ template_filter ] --START--
INFO: Run Behavior\ContentReplaceBehavior [ RunTime:0.000082s ]
INFO: [ template_filter ] --END-- [ RunTime:0.000237s ]
NOTIC: [8] Undefined variable: keyword D:\wamp\www\hongsheng\Application\Runtime\Cache\Home\690300f9aea1793d0a9916ecbf99051b.php 第 5 行.
NOTIC: [8] Undefined variable: description D:\wamp\www\hongsheng\Application\Runtime\Cache\Home\690300f9aea1793d0a9916ecbf99051b.php 第 6 行.
NOTIC: [8] Undefined variable: menu D:\wamp\www\hongsheng\Application\Runtime\Cache\Home\690300f9aea1793d0a9916ecbf99051b.php 第 72 行.
INFO: Run Behavior\ParseTemplateBehavior [ RunTime:0.008408s ]
INFO: [ view_parse ] --END-- [ RunTime:0.008506s ]
INFO: [ view_filter ] --START--
INFO: Run Behavior\WriteHtmlCacheBehavior [ RunTime:0.000489s ]
INFO: [ view_filter ] --END-- [ RunTime:0.000562s ]
INFO: [ app_end ] --START--
INFO: Run Behavior\ShowPageTraceBehavior [ RunTime:0.000573s ]
INFO: [ app_end ] --END-- [ RunTime:0.000648s ]

[ 2017-04-20T11:17:18+08:00 ] 127.0.0.1 /hongsheng/index.php/Home/Index/text.html
INFO: [ app_init ] --START--
INFO: Run Behavior\BuildLiteBehavior [ RunTime:0.000018s ]
INFO: [ app_init ] --END-- [ RunTime:0.000720s ]
INFO: [ app_begin ] --START--
INFO: Run Behavior\ReadHtmlCacheBehavior [ RunTime:0.000549s ]
INFO: [ app_begin ] --END-- [ RunTime:0.000636s ]
INFO: [ view_parse ] --START--
INFO: [ template_filter ] --START--
INFO: Run Behavior\ContentReplaceBehavior [ RunTime:0.000100s ]
INFO: [ template_filter ] --END-- [ RunTime:0.000255s ]
NOTIC: [8] Undefined variable: keyword D:\wamp\www\hongsheng\Application\Runtime\Cache\Home\622a64e07ae05422705d53ab58d0a07b.php 第 5 行.
NOTIC: [8] Undefined variable: description D:\wamp\www\hongsheng\Application\Runtime\Cache\Home\622a64e07ae05422705d53ab58d0a07b.php 第 6 行.
NOTIC: [8] Undefined variable: menu D:\wamp\www\hongsheng\Application\Runtime\Cache\Home\622a64e07ae05422705d53ab58d0a07b.php 第 76 行.
INFO: Run Behavior\ParseTemplateBehavior [ RunTime:0.006367s ]
INFO: [ view_parse ] --END-- [ RunTime:0.006487s ]
INFO: [ view_filter ] --START--
INFO: Run Behavior\WriteHtmlCacheBehavior [ RunTime:0.000285s ]
INFO: [ view_filter ] --END-- [ RunTime:0.000385s ]
INFO: [ app_end ] --START--
INFO: Run Behavior\ShowPageTraceBehavior [ RunTime:0.000713s ]
INFO: [ app_end ] --END-- [ RunTime:0.000816s ]

[ 2017-04-20T11:17:19+08:00 ] 127.0.0.1 /hongsheng/index.php/Home/Index/goodslist.html?hot=0
INFO: [ app_init ] --START--
INFO: Run Behavior\BuildLiteBehavior [ RunTime:0.000019s ]
INFO: [ app_init ] --END-- [ RunTime:0.000593s ]
INFO: [ app_begin ] --START--
INFO: Run Behavior\ReadHtmlCacheBehavior [ RunTime:0.000757s ]
INFO: [ app_begin ] --END-- [ RunTime:0.000838s ]
SQL: SHOW COLUMNS FROM `goods` [ RunTime:0.0445s ]
SQL: SELECT COUNT(*) AS tp_count FROM `goods` WHERE `is_hot` = 0 AND `etime` > '2017-04-20' AND `status` = 1 LIMIT 1   [ RunTime:0.0449s ]
SQL: SELECT * FROM `goods` WHERE `is_hot` = 0 AND `etime` > '2017-04-20' AND `status` = 1 ORDER BY id desc LIMIT 0,8   [ RunTime:0.0493s ]
INFO: [ view_parse ] --START--
INFO: [ template_filter ] --START--
INFO: Run Behavior\ContentReplaceBehavior [ RunTime:0.000059s ]
INFO: [ template_filter ] --END-- [ RunTime:0.000139s ]
NOTIC: [8] Undefined variable: keyword D:\wamp\www\hongsheng\Application\Runtime\Cache\Home\b442482666034951a2ff513b97759b0c.php 第 5 行.
NOTIC: [8] Undefined variable: description D:\wamp\www\hongsheng\Application\Runtime\Cache\Home\b442482666034951a2ff513b97759b0c.php 第 6 行.
INFO: Run Behavior\ParseTemplateBehavior [ RunTime:0.009836s ]
INFO: [ view_parse ] --END-- [ RunTime:0.009926s ]
INFO: [ view_filter ] --START--
INFO: Run Behavior\WriteHtmlCacheBehavior [ RunTime:0.000367s ]
INFO: [ view_filter ] --END-- [ RunTime:0.000439s ]
INFO: [ app_end ] --START--
INFO: Run Behavior\ShowPageTraceBehavior [ RunTime:0.000548s ]
INFO: [ app_end ] --END-- [ RunTime:0.000626s ]

[ 2017-04-20T11:17:20+08:00 ] 127.0.0.1 /hongsheng/index.php/Home/Index/goodslist.html?hot=1
INFO: [ app_init ] --START--
INFO: Run Behavior\BuildLiteBehavior [ RunTime:0.000019s ]
INFO: [ app_init ] --END-- [ RunTime:0.000450s ]
INFO: [ app_begin ] --START--
INFO: Run Behavior\ReadHtmlCacheBehavior [ RunTime:0.000600s ]
INFO: [ app_begin ] --END-- [ RunTime:0.000706s ]
SQL: SHOW COLUMNS FROM `goods` [ RunTime:0.0383s ]
SQL: SELECT COUNT(*) AS tp_count FROM `goods` WHERE `is_hot` = 1 AND `etime` > '2017-04-20' AND `status` = 1 LIMIT 1   [ RunTime:0.0401s ]
SQL: SELECT * FROM `goods` WHERE `is_hot` = 1 AND `etime` > '2017-04-20' AND `status` = 1 ORDER BY id desc LIMIT 0,8   [ RunTime:0.0380s ]
INFO: [ view_parse ] --START--
INFO: [ template_filter ] --START--
INFO: Run Behavior\ContentReplaceBehavior [ RunTime:0.000059s ]
INFO: [ template_filter ] --END-- [ RunTime:0.000144s ]
NOTIC: [8] Undefined variable: keyword D:\wamp\www\hongsheng\Application\Runtime\Cache\Home\b442482666034951a2ff513b97759b0c.php 第 5 行.
NOTIC: [8] Undefined variable: description D:\wamp\www\hongsheng\Application\Runtime\Cache\Home\b442482666034951a2ff513b97759b0c.php 第 6 行.
INFO: Run Behavior\ParseTemplateBehavior [ RunTime:0.008762s ]
INFO: [ view_parse ] --END-- [ RunTime:0.008842s ]
INFO: [ view_filter ] --START--
INFO: Run Behavior\WriteHtmlCacheBehavior [ RunTime:0.000341s ]
INFO: [ view_filter ] --END-- [ RunTime:0.000411s ]
INFO: [ app_end ] --START--
INFO: Run Behavior\ShowPageTraceBehavior [ RunTime:0.000543s ]
INFO: [ app_end ] --END-- [ RunTime:0.000616s ]

[ 2017-04-20T11:17:21+08:00 ] 127.0.0.1 /hongsheng/index.php/Home/Index/index.html
INFO: [ app_init ] --START--
INFO: Run Behavior\BuildLiteBehavior [ RunTime:0.000017s ]
INFO: [ app_init ] --END-- [ RunTime:0.000444s ]
INFO: [ app_begin ] --START--
INFO: Run Behavior\ReadHtmlCacheBehavior [ RunTime:0.000494s ]
INFO: [ app_begin ] --END-- [ RunTime:0.000576s ]
SQL: SHOW COLUMNS FROM `goods` [ RunTime:0.0441s ]
SQL: SELECT * FROM `goods` WHERE `etime` > '2017-04-20' AND `status` = 1 AND `is_hot` = 1 ORDER BY id desc LIMIT 4   [ RunTime:0.0442s ]
SQL: SELECT * FROM `goods` WHERE `etime` > '2017-04-20' AND `status` = 1 AND `is_hot` = 0 ORDER BY id desc LIMIT 4   [ RunTime:0.0442s ]
SQL: SELECT * FROM `goods` WHERE `is_hot` <> -1 AND `etime` > '2017-04-20' AND `status` = 1 ORDER BY good_click desc LIMIT 4   [ RunTime:0.0433s ]
INFO: [ view_parse ] --START--
INFO: [ template_filter ] --START--
INFO: Run Behavior\ContentReplaceBehavior [ RunTime:0.000066s ]
INFO: [ template_filter ] --END-- [ RunTime:0.000146s ]
NOTIC: [8] Undefined variable: keyword D:\wamp\www\hongsheng\Application\Runtime\Cache\Home\289c558c08eeef360ddf8da40f0452ae.php 第 5 行.
NOTIC: [8] Undefined variable: description D:\wamp\www\hongsheng\Application\Runtime\Cache\Home\289c558c08eeef360ddf8da40f0452ae.php 第 6 行.
INFO: Run Behavior\ParseTemplateBehavior [ RunTime:0.011514s ]
INFO: [ view_parse ] --END-- [ RunTime:0.011658s ]
INFO: [ view_filter ] --START--
INFO: Run Behavior\WriteHtmlCacheBehavior [ RunTime:0.000374s ]
INFO: [ view_filter ] --END-- [ RunTime:0.000439s ]
INFO: [ app_end ] --START--
INFO: Run Behavior\ShowPageTraceBehavior [ RunTime:0.000622s ]
INFO: [ app_end ] --END-- [ RunTime:0.000691s ]

