[ 2017-05-04T14:34:14+08:00 ] 127.0.0.1 /hongsheng/index.php/Home/Index/life.html
INFO: [ app_init ] --START--
INFO: Run Behavior\BuildLiteBehavior [ RunTime:0.000000s ]
INFO: [ app_init ] --END-- [ RunTime:0.001000s ]
INFO: [ app_begin ] --START--
INFO: Run Behavior\ReadHtmlCacheBehavior [ RunTime:0.001000s ]
INFO: [ app_begin ] --END-- [ RunTime:0.001000s ]
SQL: SHOW COLUMNS FROM `user_visit_log` [ RunTime:0.0400s ]
SQL: SELECT * FROM `user_visit_log` WHERE `ip` = '127.0.0.1' LIMIT 1   [ RunTime:0.0410s ]
SQL: UPDATE `user_visit_log` SET `num`=num+1 WHERE `ip` = '127.0.0.1' [ RunTime:0.0410s ]
SQL: SHOW COLUMNS FROM `arcticles` [ RunTime:0.0410s ]
SQL: SELECT COUNT(*) AS tp_count FROM `arcticles` INNER JOIN user on user.id = arcticles.a_uid  WHERE `a_status` = 1 AND `status` = 1 LIMIT 1   [ RunTime:0.0410s ]
SQL: SELECT `a_id`,`id`,`a_name`,`a_content`,`a_img`,`realse_time`,`real_name`,`addr`,`level` FROM `arcticles` INNER JOIN user on user.id = arcticles.a_uid  WHERE `a_status` = 1 AND `status` = 1 ORDER BY a_id desc LIMIT 0,10   [ RunTime:0.0400s ]
SQL: SHOW COLUMNS FROM `well` [ RunTime:0.0420s ]
SQL: SELECT COUNT(*) AS tp_count FROM `well` WHERE `arc_id` = 74 LIMIT 1   [ RunTime:0.0410s ]
SQL: SELECT * FROM `well` WHERE `arc_id` = 74 AND `remote_ip` = '127.0.0.1' LIMIT 1   [ RunTime:0.0400s ]
SQL: SELECT COUNT(*) AS tp_count FROM `well` WHERE `arc_id` = 73 LIMIT 1   [ RunTime:0.0410s ]
SQL: SELECT * FROM `well` WHERE `arc_id` = 73 AND `remote_ip` = '127.0.0.1' LIMIT 1   [ RunTime:0.0410s ]
SQL: SELECT COUNT(*) AS tp_count FROM `well` WHERE `arc_id` = 72 LIMIT 1   [ RunTime:0.0390s ]
SQL: SELECT * FROM `well` WHERE `arc_id` = 72 AND `remote_ip` = '127.0.0.1' LIMIT 1   [ RunTime:0.0400s ]
SQL: SELECT COUNT(*) AS tp_count FROM `well` WHERE `arc_id` = 71 LIMIT 1   [ RunTime:0.0410s ]
SQL: SELECT * FROM `well` WHERE `arc_id` = 71 AND `remote_ip` = '127.0.0.1' LIMIT 1   [ RunTime:0.0390s ]
SQL: SELECT COUNT(*) AS tp_count FROM `well` WHERE `arc_id` = 70 LIMIT 1   [ RunTime:0.0390s ]
SQL: SELECT * FROM `well` WHERE `arc_id` = 70 AND `remote_ip` = '127.0.0.1' LIMIT 1   [ RunTime:0.0390s ]
SQL: SELECT COUNT(*) AS tp_count FROM `well` WHERE `arc_id` = 61 LIMIT 1   [ RunTime:0.0430s ]
SQL: SELECT * FROM `well` WHERE `arc_id` = 61 AND `remote_ip` = '127.0.0.1' LIMIT 1   [ RunTime:0.0410s ]
SQL: SELECT COUNT(*) AS tp_count FROM `well` WHERE `arc_id` = 60 LIMIT 1   [ RunTime:0.0400s ]
SQL: SELECT * FROM `well` WHERE `arc_id` = 60 AND `remote_ip` = '127.0.0.1' LIMIT 1   [ RunTime:0.0580s ]
SQL: SELECT COUNT(*) AS tp_count FROM `well` WHERE `arc_id` = 59 LIMIT 1   [ RunTime:0.8180s ]
SQL: SELECT * FROM `well` WHERE `arc_id` = 59 AND `remote_ip` = '127.0.0.1' LIMIT 1   [ RunTime:0.0410s ]
SQL: SELECT COUNT(*) AS tp_count FROM `well` WHERE `arc_id` = 57 LIMIT 1   [ RunTime:0.0400s ]
SQL: SELECT * FROM `well` WHERE `arc_id` = 57 AND `remote_ip` = '127.0.0.1' LIMIT 1   [ RunTime:0.0390s ]
SQL: SELECT COUNT(*) AS tp_count FROM `well` WHERE `arc_id` = 53 LIMIT 1   [ RunTime:0.0390s ]
SQL: SELECT * FROM `well` WHERE `arc_id` = 53 AND `remote_ip` = '127.0.0.1' LIMIT 1   [ RunTime:0.0430s ]
NOTIC: [8] Undefined variable: user_agent D:\phpStudy\WWW\hongsheng\Application\Home\Controller\IndexController.class.php 第 423 行.
INFO: [ view_parse ] --START--
INFO: [ template_filter ] --START--
INFO: Run Behavior\ContentReplaceBehavior [ RunTime:0.008000s ]
INFO: [ template_filter ] --END-- [ RunTime:0.008000s ]
INFO: Run Behavior\ParseTemplateBehavior [ RunTime:0.107006s ]
INFO: [ view_parse ] --END-- [ RunTime:0.107006s ]
INFO: [ view_filter ] --START--
INFO: Run Behavior\WriteHtmlCacheBehavior [ RunTime:0.005001s ]
INFO: [ view_filter ] --END-- [ RunTime:0.005001s ]
INFO: [ app_end ] --START--
INFO: Run Behavior\ShowPageTraceBehavior [ RunTime:0.010000s ]
INFO: [ app_end ] --END-- [ RunTime:0.010000s ]

[ 2017-05-04T14:34:16+08:00 ] 127.0.0.1 /hongsheng/index.php/Home/Login/applogin.html
INFO: [ app_init ] --START--
INFO: Run Behavior\BuildLiteBehavior [ RunTime:0.000000s ]
INFO: [ app_init ] --END-- [ RunTime:0.002000s ]
INFO: [ app_begin ] --START--
INFO: Run Behavior\ReadHtmlCacheBehavior [ RunTime:0.005001s ]
INFO: [ app_begin ] --END-- [ RunTime:0.005001s ]
INFO: [ view_parse ] --START--
INFO: [ template_filter ] --START--
INFO: Run Behavior\ContentReplaceBehavior [ RunTime:0.000000s ]
INFO: [ template_filter ] --END-- [ RunTime:0.000000s ]
INFO: Run Behavior\ParseTemplateBehavior [ RunTime:0.032002s ]
INFO: [ view_parse ] --END-- [ RunTime:0.032002s ]
INFO: [ view_filter ] --START--
INFO: Run Behavior\WriteHtmlCacheBehavior [ RunTime:0.001000s ]
INFO: [ view_filter ] --END-- [ RunTime:0.001000s ]
INFO: [ app_end ] --START--
INFO: Run Behavior\ShowPageTraceBehavior [ RunTime:0.003000s ]
INFO: [ app_end ] --END-- [ RunTime:0.003000s ]

[ 2017-05-04T14:34:24+08:00 ] 127.0.0.1 /hongsheng/index.php/Home/Login/logindata.html
INFO: [ app_init ] --START--
INFO: Run Behavior\BuildLiteBehavior [ RunTime:0.000000s ]
INFO: [ app_init ] --END-- [ RunTime:0.000000s ]
INFO: [ app_begin ] --START--
INFO: Run Behavior\ReadHtmlCacheBehavior [ RunTime:0.000000s ]
INFO: [ app_begin ] --END-- [ RunTime:0.000000s ]
SQL: SHOW COLUMNS FROM `user` [ RunTime:0.0400s ]
SQL: SELECT * FROM `user` WHERE `username` = 'admin' AND `passwd` = 'e35cf7b66449df565f93c607d5a81d09' LIMIT 1   [ RunTime:0.0390s ]

[ 2017-05-04T14:34:29+08:00 ] 127.0.0.1 /hongsheng/index.php/Home/Index/life.html
INFO: [ app_init ] --START--
INFO: Run Behavior\BuildLiteBehavior [ RunTime:0.000000s ]
INFO: [ app_init ] --END-- [ RunTime:0.001000s ]
INFO: [ app_begin ] --START--
INFO: Run Behavior\ReadHtmlCacheBehavior [ RunTime:0.000000s ]
INFO: [ app_begin ] --END-- [ RunTime:0.000000s ]
SQL: SHOW COLUMNS FROM `user_visit_log` [ RunTime:0.0390s ]
SQL: SELECT * FROM `user_visit_log` WHERE `ip` = '127.0.0.1' LIMIT 1   [ RunTime:0.0420s ]
SQL: UPDATE `user_visit_log` SET `num`=num+1 WHERE `ip` = '127.0.0.1' [ RunTime:0.0420s ]
SQL: SHOW COLUMNS FROM `arcticles` [ RunTime:0.0400s ]
SQL: SELECT COUNT(*) AS tp_count FROM `arcticles` INNER JOIN user on user.id = arcticles.a_uid  WHERE `a_status` = 1 AND `status` = 1 LIMIT 1   [ RunTime:0.0400s ]
SQL: SELECT `a_id`,`id`,`a_name`,`a_content`,`a_img`,`realse_time`,`real_name`,`addr`,`level` FROM `arcticles` INNER JOIN user on user.id = arcticles.a_uid  WHERE `a_status` = 1 AND `status` = 1 ORDER BY a_id desc LIMIT 0,10   [ RunTime:0.0390s ]
SQL: SHOW COLUMNS FROM `well` [ RunTime:0.0410s ]
SQL: SELECT COUNT(*) AS tp_count FROM `well` WHERE `arc_id` = 74 LIMIT 1   [ RunTime:0.0400s ]
SQL: SELECT * FROM `well` WHERE `arc_id` = 74 AND `remote_ip` = '127.0.0.1' LIMIT 1   [ RunTime:0.0390s ]
SQL: SELECT COUNT(*) AS tp_count FROM `well` WHERE `arc_id` = 73 LIMIT 1   [ RunTime:0.0400s ]
SQL: SELECT * FROM `well` WHERE `arc_id` = 73 AND `remote_ip` = '127.0.0.1' LIMIT 1   [ RunTime:0.0390s ]
SQL: SELECT COUNT(*) AS tp_count FROM `well` WHERE `arc_id` = 72 LIMIT 1   [ RunTime:0.0390s ]
SQL: SELECT * FROM `well` WHERE `arc_id` = 72 AND `remote_ip` = '127.0.0.1' LIMIT 1   [ RunTime:0.0390s ]
SQL: SELECT COUNT(*) AS tp_count FROM `well` WHERE `arc_id` = 71 LIMIT 1   [ RunTime:0.0410s ]
SQL: SELECT * FROM `well` WHERE `arc_id` = 71 AND `remote_ip` = '127.0.0.1' LIMIT 1   [ RunTime:0.0390s ]
SQL: SELECT COUNT(*) AS tp_count FROM `well` WHERE `arc_id` = 70 LIMIT 1   [ RunTime:0.0400s ]
SQL: SELECT * FROM `well` WHERE `arc_id` = 70 AND `remote_ip` = '127.0.0.1' LIMIT 1   [ RunTime:0.0410s ]
SQL: SELECT COUNT(*) AS tp_count FROM `well` WHERE `arc_id` = 61 LIMIT 1   [ RunTime:0.0390s ]
SQL: SELECT * FROM `well` WHERE `arc_id` = 61 AND `remote_ip` = '127.0.0.1' LIMIT 1   [ RunTime:0.0380s ]
SQL: SELECT COUNT(*) AS tp_count FROM `well` WHERE `arc_id` = 60 LIMIT 1   [ RunTime:0.0400s ]
SQL: SELECT * FROM `well` WHERE `arc_id` = 60 AND `remote_ip` = '127.0.0.1' LIMIT 1   [ RunTime:0.0410s ]
SQL: SELECT COUNT(*) AS tp_count FROM `well` WHERE `arc_id` = 59 LIMIT 1   [ RunTime:0.0400s ]
SQL: SELECT * FROM `well` WHERE `arc_id` = 59 AND `remote_ip` = '127.0.0.1' LIMIT 1   [ RunTime:0.0400s ]
SQL: SELECT COUNT(*) AS tp_count FROM `well` WHERE `arc_id` = 57 LIMIT 1   [ RunTime:0.0390s ]
SQL: SELECT * FROM `well` WHERE `arc_id` = 57 AND `remote_ip` = '127.0.0.1' LIMIT 1   [ RunTime:0.0390s ]
SQL: SELECT COUNT(*) AS tp_count FROM `well` WHERE `arc_id` = 53 LIMIT 1   [ RunTime:0.3340s ]
SQL: SELECT * FROM `well` WHERE `arc_id` = 53 AND `remote_ip` = '127.0.0.1' LIMIT 1   [ RunTime:0.0400s ]
NOTIC: [8] Undefined variable: user_agent D:\phpStudy\WWW\hongsheng\Application\Home\Controller\IndexController.class.php 第 423 行.
INFO: [ view_parse ] --START--
INFO: [ template_filter ] --START--
INFO: Run Behavior\ContentReplaceBehavior [ RunTime:0.000000s ]
INFO: [ template_filter ] --END-- [ RunTime:0.000000s ]
INFO: Run Behavior\ParseTemplateBehavior [ RunTime:0.007000s ]
INFO: [ view_parse ] --END-- [ RunTime:0.007000s ]
INFO: [ view_filter ] --START--
INFO: Run Behavior\WriteHtmlCacheBehavior [ RunTime:0.000000s ]
INFO: [ view_filter ] --END-- [ RunTime:0.000000s ]
INFO: [ app_end ] --START--
INFO: Run Behavior\ShowPageTraceBehavior [ RunTime:0.000000s ]
INFO: [ app_end ] --END-- [ RunTime:0.000000s ]

[ 2017-05-04T14:34:29+08:00 ] 127.0.0.1 /hongsheng/index.php/Home/Login/logindata.html
INFO: [ app_init ] --START--
INFO: Run Behavior\BuildLiteBehavior [ RunTime:0.000000s ]
INFO: [ app_init ] --END-- [ RunTime:0.000000s ]
INFO: [ app_begin ] --START--
INFO: Run Behavior\ReadHtmlCacheBehavior [ RunTime:0.000000s ]
INFO: [ app_begin ] --END-- [ RunTime:0.000000s ]
SQL: SHOW COLUMNS FROM `user` [ RunTime:0.0420s ]
SQL: SELECT * FROM `user` WHERE `username` = 'admin' AND `passwd` = 'e35cf7b66449df565f93c607d5a81d09' LIMIT 1   [ RunTime:0.0400s ]

[ 2017-05-04T14:34:32+08:00 ] 127.0.0.1 /hongsheng/index.php/Home/Index/manage.html
INFO: [ app_init ] --START--
INFO: Run Behavior\BuildLiteBehavior [ RunTime:0.000000s ]
INFO: [ app_init ] --END-- [ RunTime:0.001000s ]
INFO: [ app_begin ] --START--
INFO: Run Behavior\ReadHtmlCacheBehavior [ RunTime:0.001000s ]
INFO: [ app_begin ] --END-- [ RunTime:0.001000s ]
SQL: SHOW COLUMNS FROM `user_visit_log` [ RunTime:0.0400s ]
SQL: SELECT * FROM `user_visit_log` WHERE `ip` = '127.0.0.1' LIMIT 1   [ RunTime:0.0390s ]
SQL: UPDATE `user_visit_log` SET `num`=num+1 WHERE `ip` = '127.0.0.1' [ RunTime:0.0400s ]
SQL: SHOW COLUMNS FROM `user` [ RunTime:0.0400s ]
SQL: SELECT COUNT(*) AS tp_count FROM `user` LIMIT 1   [ RunTime:0.0390s ]
SQL: SELECT COUNT(*) AS tp_count FROM `user` WHERE ( level=2 ) LIMIT 1   [ RunTime:0.0390s ]
SQL: SELECT COUNT(*) AS tp_count FROM `user` WHERE ( level=1 ) LIMIT 1   [ RunTime:0.0400s ]
SQL: SHOW COLUMNS FROM `arcticles` [ RunTime:0.0400s ]
SQL: SELECT COUNT(*) AS tp_count FROM `arcticles` LIMIT 1   [ RunTime:0.0410s ]
SQL: SELECT COUNT(*) AS tp_count FROM `arcticles` INNER JOIN user on user.id=arcticles.a_uid  WHERE ( level=2 ) LIMIT 1   [ RunTime:0.0400s ]
SQL: SELECT COUNT(*) AS tp_count FROM `arcticles` INNER JOIN user on user.id=arcticles.a_uid  WHERE ( level=1 ) LIMIT 1   [ RunTime:0.0400s ]
SQL: SELECT `id`,`status`,`real_name`,`addr` FROM `user` ORDER BY id desc  [ RunTime:0.0410s ]
SQL: SELECT COUNT(*) AS tp_count FROM `user_visit_log` LIMIT 1   [ RunTime:0.0390s ]
SQL: SELECT sum(num) FROM `user_visit_log`  [ RunTime:0.0390s ]
INFO: [ view_parse ] --START--
INFO: [ template_filter ] --START--
INFO: Run Behavior\ContentReplaceBehavior [ RunTime:0.000000s ]
INFO: [ template_filter ] --END-- [ RunTime:0.000000s ]
NOTIC: [8] Array to string conversion D:\phpStudy\WWW\hongsheng\Application\Runtime\Cache\Home\5b49c463505072e022b75882fc2d4668.php 第 24 行.
INFO: Run Behavior\ParseTemplateBehavior [ RunTime:0.026001s ]
INFO: [ view_parse ] --END-- [ RunTime:0.026001s ]
INFO: [ view_filter ] --START--
INFO: Run Behavior\WriteHtmlCacheBehavior [ RunTime:0.002001s ]
INFO: [ view_filter ] --END-- [ RunTime:0.003001s ]
INFO: [ app_end ] --START--
INFO: Run Behavior\ShowPageTraceBehavior [ RunTime:0.000000s ]
INFO: [ app_end ] --END-- [ RunTime:0.000000s ]

[ 2017-05-04T14:34:48+08:00 ] 127.0.0.1 /hongsheng/index.php/Home/Index/manage.html
INFO: [ app_init ] --START--
INFO: Run Behavior\BuildLiteBehavior [ RunTime:0.000000s ]
INFO: [ app_init ] --END-- [ RunTime:0.001000s ]
INFO: [ app_begin ] --START--
INFO: Run Behavior\ReadHtmlCacheBehavior [ RunTime:0.000000s ]
INFO: [ app_begin ] --END-- [ RunTime:0.000000s ]
SQL: SHOW COLUMNS FROM `user_visit_log` [ RunTime:0.0390s ]
SQL: SELECT * FROM `user_visit_log` WHERE `ip` = '127.0.0.1' LIMIT 1   [ RunTime:0.0380s ]
SQL: UPDATE `user_visit_log` SET `num`=num+1 WHERE `ip` = '127.0.0.1' [ RunTime:0.0410s ]
SQL: SHOW COLUMNS FROM `user` [ RunTime:0.0380s ]
SQL: SELECT COUNT(*) AS tp_count FROM `user` LIMIT 1   [ RunTime:0.0390s ]
SQL: SELECT COUNT(*) AS tp_count FROM `user` WHERE ( level=2 ) LIMIT 1   [ RunTime:0.0390s ]
SQL: SELECT COUNT(*) AS tp_count FROM `user` WHERE ( level=1 ) LIMIT 1   [ RunTime:0.0400s ]
SQL: SHOW COLUMNS FROM `arcticles` [ RunTime:0.0390s ]
SQL: SELECT COUNT(*) AS tp_count FROM `arcticles` LIMIT 1   [ RunTime:0.0380s ]
SQL: SELECT COUNT(*) AS tp_count FROM `arcticles` INNER JOIN user on user.id=arcticles.a_uid  WHERE ( level=2 ) LIMIT 1   [ RunTime:0.0390s ]
SQL: SELECT COUNT(*) AS tp_count FROM `arcticles` INNER JOIN user on user.id=arcticles.a_uid  WHERE ( level=1 ) LIMIT 1   [ RunTime:0.0380s ]
SQL: SELECT `id`,`status`,`real_name`,`addr` FROM `user` ORDER BY id desc  [ RunTime:0.0380s ]
SQL: SELECT COUNT(*) AS tp_count FROM `user_visit_log` LIMIT 1   [ RunTime:0.0370s ]
ERR: 1064:You have an error in your SQL syntax; check the manual that corresponds to your MySQL server version for the right syntax to use near 'all FROM `user_visit_log`' at line 1
 [ SQL语句 ] : SELECT sum(num) as all FROM `user_visit_log` 
ERR: 1064:You have an error in your SQL syntax; check the manual that corresponds to your MySQL server version for the right syntax to use near 'all FROM `user_visit_log`' at line 1
 [ SQL语句 ] : SELECT sum(num) as all FROM `user_visit_log` 

[ 2017-05-04T14:35:19+08:00 ] 127.0.0.1 /hongsheng/index.php/Home/Index/manage.html
INFO: [ app_init ] --START--
INFO: Run Behavior\BuildLiteBehavior [ RunTime:0.000000s ]
INFO: [ app_init ] --END-- [ RunTime:0.001000s ]
INFO: [ app_begin ] --START--
INFO: Run Behavior\ReadHtmlCacheBehavior [ RunTime:0.001000s ]
INFO: [ app_begin ] --END-- [ RunTime:0.001000s ]
SQL: SHOW COLUMNS FROM `user_visit_log` [ RunTime:0.0420s ]
SQL: SELECT * FROM `user_visit_log` WHERE `ip` = '127.0.0.1' LIMIT 1   [ RunTime:0.0380s ]
SQL: UPDATE `user_visit_log` SET `num`=num+1 WHERE `ip` = '127.0.0.1' [ RunTime:0.0390s ]
SQL: SHOW COLUMNS FROM `user` [ RunTime:0.0390s ]
SQL: SELECT COUNT(*) AS tp_count FROM `user` LIMIT 1   [ RunTime:0.0380s ]
SQL: SELECT COUNT(*) AS tp_count FROM `user` WHERE ( level=2 ) LIMIT 1   [ RunTime:0.0380s ]
SQL: SELECT COUNT(*) AS tp_count FROM `user` WHERE ( level=1 ) LIMIT 1   [ RunTime:0.0370s ]
SQL: SHOW COLUMNS FROM `arcticles` [ RunTime:0.0410s ]
SQL: SELECT COUNT(*) AS tp_count FROM `arcticles` LIMIT 1   [ RunTime:0.0400s ]
SQL: SELECT COUNT(*) AS tp_count FROM `arcticles` INNER JOIN user on user.id=arcticles.a_uid  WHERE ( level=2 ) LIMIT 1   [ RunTime:0.0390s ]
SQL: SELECT COUNT(*) AS tp_count FROM `arcticles` INNER JOIN user on user.id=arcticles.a_uid  WHERE ( level=1 ) LIMIT 1   [ RunTime:0.0400s ]
SQL: SELECT `id`,`status`,`real_name`,`addr` FROM `user` ORDER BY id desc  [ RunTime:0.0390s ]
SQL: SELECT COUNT(*) AS tp_count FROM `user_visit_log` LIMIT 1   [ RunTime:0.0420s ]
SQL: SELECT sum(num) as n FROM `user_visit_log`  [ RunTime:0.0430s ]
INFO: [ view_parse ] --START--
INFO: [ template_filter ] --START--
INFO: Run Behavior\ContentReplaceBehavior [ RunTime:0.000000s ]
INFO: [ template_filter ] --END-- [ RunTime:0.001000s ]
NOTIC: [8] Array to string conversion D:\phpStudy\WWW\hongsheng\Application\Runtime\Cache\Home\5b49c463505072e022b75882fc2d4668.php 第 24 行.
INFO: Run Behavior\ParseTemplateBehavior [ RunTime:0.007001s ]
INFO: [ view_parse ] --END-- [ RunTime:0.007001s ]
INFO: [ view_filter ] --START--
INFO: Run Behavior\WriteHtmlCacheBehavior [ RunTime:0.001000s ]
INFO: [ view_filter ] --END-- [ RunTime:0.001000s ]
INFO: [ app_end ] --START--
INFO: Run Behavior\ShowPageTraceBehavior [ RunTime:0.000000s ]
INFO: [ app_end ] --END-- [ RunTime:0.000000s ]

[ 2017-05-04T14:35:21+08:00 ] 127.0.0.1 /hongsheng/index.php/Home/Index/manage.html
INFO: [ app_init ] --START--
INFO: Run Behavior\BuildLiteBehavior [ RunTime:0.000000s ]
INFO: [ app_init ] --END-- [ RunTime:0.001000s ]
INFO: [ app_begin ] --START--
INFO: Run Behavior\ReadHtmlCacheBehavior [ RunTime:0.002000s ]
INFO: [ app_begin ] --END-- [ RunTime:0.002000s ]
SQL: SHOW COLUMNS FROM `user_visit_log` [ RunTime:0.0390s ]
SQL: SELECT * FROM `user_visit_log` WHERE `ip` = '127.0.0.1' LIMIT 1   [ RunTime:0.0400s ]
SQL: UPDATE `user_visit_log` SET `num`=num+1 WHERE `ip` = '127.0.0.1' [ RunTime:0.0400s ]
SQL: SHOW COLUMNS FROM `user` [ RunTime:0.0400s ]
SQL: SELECT COUNT(*) AS tp_count FROM `user` LIMIT 1   [ RunTime:0.0390s ]
SQL: SELECT COUNT(*) AS tp_count FROM `user` WHERE ( level=2 ) LIMIT 1   [ RunTime:0.0380s ]
SQL: SELECT COUNT(*) AS tp_count FROM `user` WHERE ( level=1 ) LIMIT 1   [ RunTime:0.0390s ]
SQL: SHOW COLUMNS FROM `arcticles` [ RunTime:0.0410s ]
SQL: SELECT COUNT(*) AS tp_count FROM `arcticles` LIMIT 1   [ RunTime:0.0430s ]
SQL: SELECT COUNT(*) AS tp_count FROM `arcticles` INNER JOIN user on user.id=arcticles.a_uid  WHERE ( level=2 ) LIMIT 1   [ RunTime:0.0390s ]
SQL: SELECT COUNT(*) AS tp_count FROM `arcticles` INNER JOIN user on user.id=arcticles.a_uid  WHERE ( level=1 ) LIMIT 1   [ RunTime:0.0390s ]
SQL: SELECT `id`,`status`,`real_name`,`addr` FROM `user` ORDER BY id desc  [ RunTime:0.3400s ]
SQL: SELECT COUNT(*) AS tp_count FROM `user_visit_log` LIMIT 1   [ RunTime:0.0390s ]
SQL: SELECT sum(num) as n FROM `user_visit_log`  [ RunTime:0.0420s ]
INFO: [ view_parse ] --START--
INFO: [ template_filter ] --START--
INFO: Run Behavior\ContentReplaceBehavior [ RunTime:0.000000s ]
INFO: [ template_filter ] --END-- [ RunTime:0.000000s ]
NOTIC: [8] Array to string conversion D:\phpStudy\WWW\hongsheng\Application\Runtime\Cache\Home\5b49c463505072e022b75882fc2d4668.php 第 24 行.
INFO: Run Behavior\ParseTemplateBehavior [ RunTime:0.009000s ]
INFO: [ view_parse ] --END-- [ RunTime:0.009000s ]
INFO: [ view_filter ] --START--
INFO: Run Behavior\WriteHtmlCacheBehavior [ RunTime:0.000000s ]
INFO: [ view_filter ] --END-- [ RunTime:0.000000s ]
INFO: [ app_end ] --START--
INFO: Run Behavior\ShowPageTraceBehavior [ RunTime:0.001000s ]
INFO: [ app_end ] --END-- [ RunTime:0.001000s ]

[ 2017-05-04T14:35:22+08:00 ] 127.0.0.1 /hongsheng/index.php/Home/Index/manage.html
INFO: [ app_init ] --START--
INFO: Run Behavior\BuildLiteBehavior [ RunTime:0.000000s ]
INFO: [ app_init ] --END-- [ RunTime:0.000000s ]
INFO: [ app_begin ] --START--
INFO: Run Behavior\ReadHtmlCacheBehavior [ RunTime:0.000000s ]
INFO: [ app_begin ] --END-- [ RunTime:0.000000s ]
SQL: SHOW COLUMNS FROM `user_visit_log` [ RunTime:0.0400s ]
SQL: SELECT * FROM `user_visit_log` WHERE `ip` = '127.0.0.1' LIMIT 1   [ RunTime:0.0380s ]
SQL: UPDATE `user_visit_log` SET `num`=num+1 WHERE `ip` = '127.0.0.1' [ RunTime:0.0380s ]
SQL: SHOW COLUMNS FROM `user` [ RunTime:0.0380s ]
SQL: SELECT COUNT(*) AS tp_count FROM `user` LIMIT 1   [ RunTime:0.0380s ]
SQL: SELECT COUNT(*) AS tp_count FROM `user` WHERE ( level=2 ) LIMIT 1   [ RunTime:0.0380s ]
SQL: SELECT COUNT(*) AS tp_count FROM `user` WHERE ( level=1 ) LIMIT 1   [ RunTime:0.0400s ]
SQL: SHOW COLUMNS FROM `arcticles` [ RunTime:0.0390s ]
SQL: SELECT COUNT(*) AS tp_count FROM `arcticles` LIMIT 1   [ RunTime:0.0410s ]
SQL: SELECT COUNT(*) AS tp_count FROM `arcticles` INNER JOIN user on user.id=arcticles.a_uid  WHERE ( level=2 ) LIMIT 1   [ RunTime:0.0400s ]
SQL: SELECT COUNT(*) AS tp_count FROM `arcticles` INNER JOIN user on user.id=arcticles.a_uid  WHERE ( level=1 ) LIMIT 1   [ RunTime:0.0390s ]
SQL: SELECT `id`,`status`,`real_name`,`addr` FROM `user` ORDER BY id desc  [ RunTime:0.0390s ]
SQL: SELECT COUNT(*) AS tp_count FROM `user_visit_log` LIMIT 1   [ RunTime:0.0380s ]
SQL: SELECT sum(num) as n FROM `user_visit_log`  [ RunTime:0.0390s ]
INFO: [ view_parse ] --START--
INFO: [ template_filter ] --START--
INFO: Run Behavior\ContentReplaceBehavior [ RunTime:0.000000s ]
INFO: [ template_filter ] --END-- [ RunTime:0.000000s ]
NOTIC: [8] Array to string conversion D:\phpStudy\WWW\hongsheng\Application\Runtime\Cache\Home\5b49c463505072e022b75882fc2d4668.php 第 24 行.
INFO: Run Behavior\ParseTemplateBehavior [ RunTime:0.008000s ]
INFO: [ view_parse ] --END-- [ RunTime:0.008000s ]
INFO: [ view_filter ] --START--
INFO: Run Behavior\WriteHtmlCacheBehavior [ RunTime:0.001000s ]
INFO: [ view_filter ] --END-- [ RunTime:0.001000s ]
INFO: [ app_end ] --START--
INFO: Run Behavior\ShowPageTraceBehavior [ RunTime:0.000000s ]
INFO: [ app_end ] --END-- [ RunTime:0.000000s ]

[ 2017-05-04T14:35:24+08:00 ] 127.0.0.1 /hongsheng/index.php/Home/Index/manage.html
INFO: [ app_init ] --START--
INFO: Run Behavior\BuildLiteBehavior [ RunTime:0.000000s ]
INFO: [ app_init ] --END-- [ RunTime:0.000000s ]
INFO: [ app_begin ] --START--
INFO: Run Behavior\ReadHtmlCacheBehavior [ RunTime:0.000000s ]
INFO: [ app_begin ] --END-- [ RunTime:0.000000s ]
SQL: SHOW COLUMNS FROM `user_visit_log` [ RunTime:0.0400s ]
SQL: SELECT * FROM `user_visit_log` WHERE `ip` = '127.0.0.1' LIMIT 1   [ RunTime:0.0410s ]
SQL: UPDATE `user_visit_log` SET `num`=num+1 WHERE `ip` = '127.0.0.1' [ RunTime:0.0380s ]
SQL: SHOW COLUMNS FROM `user` [ RunTime:0.0410s ]
SQL: SELECT COUNT(*) AS tp_count FROM `user` LIMIT 1   [ RunTime:0.0380s ]
SQL: SELECT COUNT(*) AS tp_count FROM `user` WHERE ( level=2 ) LIMIT 1   [ RunTime:0.0410s ]
SQL: SELECT COUNT(*) AS tp_count FROM `user` WHERE ( level=1 ) LIMIT 1   [ RunTime:0.0380s ]
SQL: SHOW COLUMNS FROM `arcticles` [ RunTime:0.0390s ]
SQL: SELECT COUNT(*) AS tp_count FROM `arcticles` LIMIT 1   [ RunTime:0.0390s ]
SQL: SELECT COUNT(*) AS tp_count FROM `arcticles` INNER JOIN user on user.id=arcticles.a_uid  WHERE ( level=2 ) LIMIT 1   [ RunTime:0.0410s ]
SQL: SELECT COUNT(*) AS tp_count FROM `arcticles` INNER JOIN user on user.id=arcticles.a_uid  WHERE ( level=1 ) LIMIT 1   [ RunTime:0.0380s ]
SQL: SELECT `id`,`status`,`real_name`,`addr` FROM `user` ORDER BY id desc  [ RunTime:0.0410s ]
SQL: SELECT COUNT(*) AS tp_count FROM `user_visit_log` LIMIT 1   [ RunTime:0.0390s ]
SQL: SELECT sum(num) as n FROM `user_visit_log`  [ RunTime:0.0400s ]
INFO: [ view_parse ] --START--
INFO: [ template_filter ] --START--
INFO: Run Behavior\ContentReplaceBehavior [ RunTime:0.000000s ]
INFO: [ template_filter ] --END-- [ RunTime:0.000000s ]
NOTIC: [8] Array to string conversion D:\phpStudy\WWW\hongsheng\Application\Runtime\Cache\Home\5b49c463505072e022b75882fc2d4668.php 第 24 行.
INFO: Run Behavior\ParseTemplateBehavior [ RunTime:0.007001s ]
INFO: [ view_parse ] --END-- [ RunTime:0.007001s ]
INFO: [ view_filter ] --START--
INFO: Run Behavior\WriteHtmlCacheBehavior [ RunTime:0.000000s ]
INFO: [ view_filter ] --END-- [ RunTime:0.000000s ]
INFO: [ app_end ] --START--
INFO: Run Behavior\ShowPageTraceBehavior [ RunTime:0.001000s ]
INFO: [ app_end ] --END-- [ RunTime:0.001000s ]

[ 2017-05-04T14:35:27+08:00 ] 127.0.0.1 /hongsheng/index.php/Home/Index/manage.html
INFO: [ app_init ] --START--
INFO: Run Behavior\BuildLiteBehavior [ RunTime:0.000000s ]
INFO: [ app_init ] --END-- [ RunTime:0.001000s ]
INFO: [ app_begin ] --START--
INFO: Run Behavior\ReadHtmlCacheBehavior [ RunTime:0.001000s ]
INFO: [ app_begin ] --END-- [ RunTime:0.001000s ]
SQL: SHOW COLUMNS FROM `user_visit_log` [ RunTime:0.0410s ]
SQL: SELECT * FROM `user_visit_log` WHERE `ip` = '127.0.0.1' LIMIT 1   [ RunTime:0.0390s ]
SQL: UPDATE `user_visit_log` SET `num`=num+1 WHERE `ip` = '127.0.0.1' [ RunTime:0.0380s ]
SQL: SHOW COLUMNS FROM `user` [ RunTime:0.0400s ]
SQL: SELECT COUNT(*) AS tp_count FROM `user` LIMIT 1   [ RunTime:0.0390s ]
SQL: SELECT COUNT(*) AS tp_count FROM `user` WHERE ( level=2 ) LIMIT 1   [ RunTime:0.0390s ]
SQL: SELECT COUNT(*) AS tp_count FROM `user` WHERE ( level=1 ) LIMIT 1   [ RunTime:0.0400s ]
SQL: SHOW COLUMNS FROM `arcticles` [ RunTime:0.0410s ]
SQL: SELECT COUNT(*) AS tp_count FROM `arcticles` LIMIT 1   [ RunTime:0.0390s ]
SQL: SELECT COUNT(*) AS tp_count FROM `arcticles` INNER JOIN user on user.id=arcticles.a_uid  WHERE ( level=2 ) LIMIT 1   [ RunTime:0.0400s ]
SQL: SELECT COUNT(*) AS tp_count FROM `arcticles` INNER JOIN user on user.id=arcticles.a_uid  WHERE ( level=1 ) LIMIT 1   [ RunTime:0.0410s ]
SQL: SELECT `id`,`status`,`real_name`,`addr` FROM `user` ORDER BY id desc  [ RunTime:0.0410s ]
SQL: SELECT COUNT(*) AS tp_count FROM `user_visit_log` LIMIT 1   [ RunTime:0.0400s ]
SQL: SELECT sum(num) as n FROM `user_visit_log`  [ RunTime:0.0390s ]
INFO: [ view_parse ] --START--
INFO: [ template_filter ] --START--
INFO: Run Behavior\ContentReplaceBehavior [ RunTime:0.000000s ]
INFO: [ template_filter ] --END-- [ RunTime:0.000000s ]
NOTIC: [8] Array to string conversion D:\phpStudy\WWW\hongsheng\Application\Runtime\Cache\Home\5b49c463505072e022b75882fc2d4668.php 第 24 行.
INFO: Run Behavior\ParseTemplateBehavior [ RunTime:0.005000s ]
INFO: [ view_parse ] --END-- [ RunTime:0.005000s ]
INFO: [ view_filter ] --START--
INFO: Run Behavior\WriteHtmlCacheBehavior [ RunTime:0.001000s ]
INFO: [ view_filter ] --END-- [ RunTime:0.001000s ]
INFO: [ app_end ] --START--
INFO: Run Behavior\ShowPageTraceBehavior [ RunTime:0.000000s ]
INFO: [ app_end ] --END-- [ RunTime:0.000000s ]

[ 2017-05-04T14:35:29+08:00 ] 127.0.0.1 /hongsheng/index.php/Home/Index/manage.html
INFO: [ app_init ] --START--
INFO: Run Behavior\BuildLiteBehavior [ RunTime:0.000000s ]
INFO: [ app_init ] --END-- [ RunTime:0.001000s ]
INFO: [ app_begin ] --START--
INFO: Run Behavior\ReadHtmlCacheBehavior [ RunTime:0.000000s ]
INFO: [ app_begin ] --END-- [ RunTime:0.000000s ]
SQL: SHOW COLUMNS FROM `user_visit_log` [ RunTime:0.0390s ]
SQL: SELECT * FROM `user_visit_log` WHERE `ip` = '127.0.0.1' LIMIT 1   [ RunTime:0.0390s ]
SQL: UPDATE `user_visit_log` SET `num`=num+1 WHERE `ip` = '127.0.0.1' [ RunTime:0.0380s ]
SQL: SHOW COLUMNS FROM `user` [ RunTime:0.0400s ]
SQL: SELECT COUNT(*) AS tp_count FROM `user` LIMIT 1   [ RunTime:0.0400s ]
SQL: SELECT COUNT(*) AS tp_count FROM `user` WHERE ( level=2 ) LIMIT 1   [ RunTime:0.0390s ]
SQL: SELECT COUNT(*) AS tp_count FROM `user` WHERE ( level=1 ) LIMIT 1   [ RunTime:0.0400s ]
SQL: SHOW COLUMNS FROM `arcticles` [ RunTime:0.0390s ]
SQL: SELECT COUNT(*) AS tp_count FROM `arcticles` LIMIT 1   [ RunTime:0.0400s ]
SQL: SELECT COUNT(*) AS tp_count FROM `arcticles` INNER JOIN user on user.id=arcticles.a_uid  WHERE ( level=2 ) LIMIT 1   [ RunTime:0.0400s ]
SQL: SELECT COUNT(*) AS tp_count FROM `arcticles` INNER JOIN user on user.id=arcticles.a_uid  WHERE ( level=1 ) LIMIT 1   [ RunTime:0.0410s ]
SQL: SELECT `id`,`status`,`real_name`,`addr` FROM `user` ORDER BY id desc  [ RunTime:0.0400s ]
SQL: SELECT COUNT(*) AS tp_count FROM `user_visit_log` LIMIT 1   [ RunTime:0.0400s ]
SQL: SELECT sum(num) as n FROM `user_visit_log`  [ RunTime:0.0400s ]
INFO: [ view_parse ] --START--
INFO: [ template_filter ] --START--
INFO: Run Behavior\ContentReplaceBehavior [ RunTime:0.000000s ]
INFO: [ template_filter ] --END-- [ RunTime:0.000000s ]
NOTIC: [8] Array to string conversion D:\phpStudy\WWW\hongsheng\Application\Runtime\Cache\Home\5b49c463505072e022b75882fc2d4668.php 第 24 行.
INFO: Run Behavior\ParseTemplateBehavior [ RunTime:0.005001s ]
INFO: [ view_parse ] --END-- [ RunTime:0.005001s ]
INFO: [ view_filter ] --START--
INFO: Run Behavior\WriteHtmlCacheBehavior [ RunTime:0.001000s ]
INFO: [ view_filter ] --END-- [ RunTime:0.001000s ]
INFO: [ app_end ] --START--
INFO: Run Behavior\ShowPageTraceBehavior [ RunTime:0.000000s ]
INFO: [ app_end ] --END-- [ RunTime:0.000000s ]

[ 2017-05-04T14:35:31+08:00 ] 127.0.0.1 /hongsheng/index.php/Home/Index/manage.html
INFO: [ app_init ] --START--
INFO: Run Behavior\BuildLiteBehavior [ RunTime:0.000000s ]
INFO: [ app_init ] --END-- [ RunTime:0.001000s ]
INFO: [ app_begin ] --START--
INFO: Run Behavior\ReadHtmlCacheBehavior [ RunTime:0.001000s ]
INFO: [ app_begin ] --END-- [ RunTime:0.002001s ]
SQL: SHOW COLUMNS FROM `user_visit_log` [ RunTime:0.0400s ]
SQL: SELECT * FROM `user_visit_log` WHERE `ip` = '127.0.0.1' LIMIT 1   [ RunTime:0.0400s ]
SQL: UPDATE `user_visit_log` SET `num`=num+1 WHERE `ip` = '127.0.0.1' [ RunTime:0.0390s ]
SQL: SHOW COLUMNS FROM `user` [ RunTime:0.0400s ]
SQL: SELECT COUNT(*) AS tp_count FROM `user` LIMIT 1   [ RunTime:0.0380s ]
SQL: SELECT COUNT(*) AS tp_count FROM `user` WHERE ( level=2 ) LIMIT 1   [ RunTime:0.0400s ]
SQL: SELECT COUNT(*) AS tp_count FROM `user` WHERE ( level=1 ) LIMIT 1   [ RunTime:0.0390s ]
SQL: SHOW COLUMNS FROM `arcticles` [ RunTime:0.0390s ]
SQL: SELECT COUNT(*) AS tp_count FROM `arcticles` LIMIT 1   [ RunTime:0.0380s ]
SQL: SELECT COUNT(*) AS tp_count FROM `arcticles` INNER JOIN user on user.id=arcticles.a_uid  WHERE ( level=2 ) LIMIT 1   [ RunTime:0.0400s ]
SQL: SELECT COUNT(*) AS tp_count FROM `arcticles` INNER JOIN user on user.id=arcticles.a_uid  WHERE ( level=1 ) LIMIT 1   [ RunTime:0.0380s ]
SQL: SELECT `id`,`status`,`real_name`,`addr` FROM `user` ORDER BY id desc  [ RunTime:0.0400s ]
SQL: SELECT COUNT(*) AS tp_count FROM `user_visit_log` LIMIT 1   [ RunTime:0.0380s ]
SQL: SELECT sum(num) as n FROM `user_visit_log`  [ RunTime:0.3460s ]
INFO: [ view_parse ] --START--
INFO: [ template_filter ] --START--
INFO: Run Behavior\ContentReplaceBehavior [ RunTime:0.000000s ]
INFO: [ template_filter ] --END-- [ RunTime:0.000000s ]
NOTIC: [8] Array to string conversion D:\phpStudy\WWW\hongsheng\Application\Runtime\Cache\Home\5b49c463505072e022b75882fc2d4668.php 第 24 行.
INFO: Run Behavior\ParseTemplateBehavior [ RunTime:0.006000s ]
INFO: [ view_parse ] --END-- [ RunTime:0.006000s ]
INFO: [ view_filter ] --START--
INFO: Run Behavior\WriteHtmlCacheBehavior [ RunTime:0.000000s ]
INFO: [ view_filter ] --END-- [ RunTime:0.000000s ]
INFO: [ app_end ] --START--
INFO: Run Behavior\ShowPageTraceBehavior [ RunTime:0.001000s ]
INFO: [ app_end ] --END-- [ RunTime:0.001000s ]

[ 2017-05-04T14:35:33+08:00 ] 127.0.0.1 /hongsheng/index.php/Home/Index/manage.html
INFO: [ app_init ] --START--
INFO: Run Behavior\BuildLiteBehavior [ RunTime:0.000000s ]
INFO: [ app_init ] --END-- [ RunTime:0.000000s ]
INFO: [ app_begin ] --START--
INFO: Run Behavior\ReadHtmlCacheBehavior [ RunTime:0.001000s ]
INFO: [ app_begin ] --END-- [ RunTime:0.001000s ]
SQL: SHOW COLUMNS FROM `user_visit_log` [ RunTime:0.0400s ]
SQL: SELECT * FROM `user_visit_log` WHERE `ip` = '127.0.0.1' LIMIT 1   [ RunTime:0.0390s ]
SQL: UPDATE `user_visit_log` SET `num`=num+1 WHERE `ip` = '127.0.0.1' [ RunTime:0.0410s ]
SQL: SHOW COLUMNS FROM `user` [ RunTime:0.0390s ]
SQL: SELECT COUNT(*) AS tp_count FROM `user` LIMIT 1   [ RunTime:0.0400s ]
SQL: SELECT COUNT(*) AS tp_count FROM `user` WHERE ( level=2 ) LIMIT 1   [ RunTime:0.0390s ]
SQL: SELECT COUNT(*) AS tp_count FROM `user` WHERE ( level=1 ) LIMIT 1   [ RunTime:0.0380s ]
SQL: SHOW COLUMNS FROM `arcticles` [ RunTime:0.0420s ]
SQL: SELECT COUNT(*) AS tp_count FROM `arcticles` LIMIT 1   [ RunTime:0.0410s ]
SQL: SELECT COUNT(*) AS tp_count FROM `arcticles` INNER JOIN user on user.id=arcticles.a_uid  WHERE ( level=2 ) LIMIT 1   [ RunTime:0.0390s ]
SQL: SELECT COUNT(*) AS tp_count FROM `arcticles` INNER JOIN user on user.id=arcticles.a_uid  WHERE ( level=1 ) LIMIT 1   [ RunTime:0.3450s ]
SQL: SELECT `id`,`status`,`real_name`,`addr` FROM `user` ORDER BY id desc  [ RunTime:0.0410s ]
SQL: SELECT COUNT(*) AS tp_count FROM `user_visit_log` LIMIT 1   [ RunTime:0.0420s ]
SQL: SELECT sum(num) as n FROM `user_visit_log`  [ RunTime:0.0390s ]
INFO: [ view_parse ] --START--
INFO: [ template_filter ] --START--
INFO: Run Behavior\ContentReplaceBehavior [ RunTime:0.000000s ]
INFO: [ template_filter ] --END-- [ RunTime:0.000000s ]
NOTIC: [8] Array to string conversion D:\phpStudy\WWW\hongsheng\Application\Runtime\Cache\Home\5b49c463505072e022b75882fc2d4668.php 第 24 行.
INFO: Run Behavior\ParseTemplateBehavior [ RunTime:0.006000s ]
INFO: [ view_parse ] --END-- [ RunTime:0.006000s ]
INFO: [ view_filter ] --START--
INFO: Run Behavior\WriteHtmlCacheBehavior [ RunTime:0.001000s ]
INFO: [ view_filter ] --END-- [ RunTime:0.001000s ]
INFO: [ app_end ] --START--
INFO: Run Behavior\ShowPageTraceBehavior [ RunTime:0.001000s ]
INFO: [ app_end ] --END-- [ RunTime:0.001000s ]

[ 2017-05-04T14:35:35+08:00 ] 127.0.0.1 /hongsheng/index.php/Home/Index/manage.html
INFO: [ app_init ] --START--
INFO: Run Behavior\BuildLiteBehavior [ RunTime:0.000000s ]
INFO: [ app_init ] --END-- [ RunTime:0.000000s ]
INFO: [ app_begin ] --START--
INFO: Run Behavior\ReadHtmlCacheBehavior [ RunTime:0.000000s ]
INFO: [ app_begin ] --END-- [ RunTime:0.000000s ]
SQL: SHOW COLUMNS FROM `user_visit_log` [ RunTime:0.0380s ]
SQL: SELECT * FROM `user_visit_log` WHERE `ip` = '127.0.0.1' LIMIT 1   [ RunTime:0.0410s ]
SQL: UPDATE `user_visit_log` SET `num`=num+1 WHERE `ip` = '127.0.0.1' [ RunTime:0.0420s ]
SQL: SHOW COLUMNS FROM `user` [ RunTime:0.0390s ]
SQL: SELECT COUNT(*) AS tp_count FROM `user` LIMIT 1   [ RunTime:0.0420s ]
SQL: SELECT COUNT(*) AS tp_count FROM `user` WHERE ( level=2 ) LIMIT 1   [ RunTime:0.0380s ]
SQL: SELECT COUNT(*) AS tp_count FROM `user` WHERE ( level=1 ) LIMIT 1   [ RunTime:0.0390s ]
SQL: SHOW COLUMNS FROM `arcticles` [ RunTime:0.3430s ]
SQL: SELECT COUNT(*) AS tp_count FROM `arcticles` LIMIT 1   [ RunTime:0.0390s ]
SQL: SELECT COUNT(*) AS tp_count FROM `arcticles` INNER JOIN user on user.id=arcticles.a_uid  WHERE ( level=2 ) LIMIT 1   [ RunTime:0.0390s ]
SQL: SELECT COUNT(*) AS tp_count FROM `arcticles` INNER JOIN user on user.id=arcticles.a_uid  WHERE ( level=1 ) LIMIT 1   [ RunTime:0.0390s ]
SQL: SELECT `id`,`status`,`real_name`,`addr` FROM `user` ORDER BY id desc  [ RunTime:0.0390s ]
SQL: SELECT COUNT(*) AS tp_count FROM `user_visit_log` LIMIT 1   [ RunTime:0.0400s ]
SQL: SELECT sum(num) as n FROM `user_visit_log`  [ RunTime:0.0410s ]
INFO: [ view_parse ] --START--
INFO: [ template_filter ] --START--
INFO: Run Behavior\ContentReplaceBehavior [ RunTime:0.000000s ]
INFO: [ template_filter ] --END-- [ RunTime:0.000000s ]
NOTIC: [8] Array to string conversion D:\phpStudy\WWW\hongsheng\Application\Runtime\Cache\Home\5b49c463505072e022b75882fc2d4668.php 第 24 行.
INFO: Run Behavior\ParseTemplateBehavior [ RunTime:0.006001s ]
INFO: [ view_parse ] --END-- [ RunTime:0.006001s ]
INFO: [ view_filter ] --START--
INFO: Run Behavior\WriteHtmlCacheBehavior [ RunTime:0.000000s ]
INFO: [ view_filter ] --END-- [ RunTime:0.000000s ]
INFO: [ app_end ] --START--
INFO: Run Behavior\ShowPageTraceBehavior [ RunTime:0.001000s ]
INFO: [ app_end ] --END-- [ RunTime:0.001000s ]

[ 2017-05-04T14:35:37+08:00 ] 127.0.0.1 /hongsheng/index.php/Home/Index/manage.html
INFO: [ app_init ] --START--
INFO: Run Behavior\BuildLiteBehavior [ RunTime:0.000000s ]
INFO: [ app_init ] --END-- [ RunTime:0.001000s ]
INFO: [ app_begin ] --START--
INFO: Run Behavior\ReadHtmlCacheBehavior [ RunTime:0.001000s ]
INFO: [ app_begin ] --END-- [ RunTime:0.001000s ]
SQL: SHOW COLUMNS FROM `user_visit_log` [ RunTime:0.0390s ]
SQL: SELECT * FROM `user_visit_log` WHERE `ip` = '127.0.0.1' LIMIT 1   [ RunTime:0.0380s ]
SQL: UPDATE `user_visit_log` SET `num`=num+1 WHERE `ip` = '127.0.0.1' [ RunTime:0.0380s ]
SQL: SHOW COLUMNS FROM `user` [ RunTime:0.0400s ]
SQL: SELECT COUNT(*) AS tp_count FROM `user` LIMIT 1   [ RunTime:0.0380s ]
SQL: SELECT COUNT(*) AS tp_count FROM `user` WHERE ( level=2 ) LIMIT 1   [ RunTime:0.0390s ]
SQL: SELECT COUNT(*) AS tp_count FROM `user` WHERE ( level=1 ) LIMIT 1   [ RunTime:0.0380s ]
SQL: SHOW COLUMNS FROM `arcticles` [ RunTime:0.0410s ]
SQL: SELECT COUNT(*) AS tp_count FROM `arcticles` LIMIT 1   [ RunTime:0.0400s ]
SQL: SELECT COUNT(*) AS tp_count FROM `arcticles` INNER JOIN user on user.id=arcticles.a_uid  WHERE ( level=2 ) LIMIT 1   [ RunTime:0.0400s ]
SQL: SELECT COUNT(*) AS tp_count FROM `arcticles` INNER JOIN user on user.id=arcticles.a_uid  WHERE ( level=1 ) LIMIT 1   [ RunTime:0.0390s ]
SQL: SELECT `id`,`status`,`real_name`,`addr` FROM `user` ORDER BY id desc  [ RunTime:0.0400s ]
SQL: SELECT COUNT(*) AS tp_count FROM `user_visit_log` LIMIT 1   [ RunTime:0.0410s ]
SQL: SELECT sum(num) as n FROM `user_visit_log`  [ RunTime:0.0380s ]
INFO: [ view_parse ] --START--
INFO: [ template_filter ] --START--
INFO: Run Behavior\ContentReplaceBehavior [ RunTime:0.000000s ]
INFO: [ template_filter ] --END-- [ RunTime:0.000000s ]
NOTIC: [8] Array to string conversion D:\phpStudy\WWW\hongsheng\Application\Runtime\Cache\Home\5b49c463505072e022b75882fc2d4668.php 第 24 行.
INFO: Run Behavior\ParseTemplateBehavior [ RunTime:0.006001s ]
INFO: [ view_parse ] --END-- [ RunTime:0.006001s ]
INFO: [ view_filter ] --START--
INFO: Run Behavior\WriteHtmlCacheBehavior [ RunTime:0.000000s ]
INFO: [ view_filter ] --END-- [ RunTime:0.000000s ]
INFO: [ app_end ] --START--
INFO: Run Behavior\ShowPageTraceBehavior [ RunTime:0.001000s ]
INFO: [ app_end ] --END-- [ RunTime:0.001000s ]

[ 2017-05-04T14:35:54+08:00 ] 127.0.0.1 /hongsheng/index.php/Home/Index/manage.html
INFO: [ app_init ] --START--
INFO: Run Behavior\BuildLiteBehavior [ RunTime:0.000000s ]
INFO: [ app_init ] --END-- [ RunTime:0.001000s ]
INFO: [ app_begin ] --START--
INFO: Run Behavior\ReadHtmlCacheBehavior [ RunTime:0.001000s ]
INFO: [ app_begin ] --END-- [ RunTime:0.001000s ]
SQL: SHOW COLUMNS FROM `user_visit_log` [ RunTime:0.0410s ]
SQL: SELECT * FROM `user_visit_log` WHERE `ip` = '127.0.0.1' LIMIT 1   [ RunTime:0.0390s ]
SQL: UPDATE `user_visit_log` SET `num`=num+1 WHERE `ip` = '127.0.0.1' [ RunTime:0.0390s ]
SQL: SHOW COLUMNS FROM `user` [ RunTime:0.0400s ]
SQL: SELECT COUNT(*) AS tp_count FROM `user` LIMIT 1   [ RunTime:0.0390s ]
SQL: SELECT COUNT(*) AS tp_count FROM `user` WHERE ( level=2 ) LIMIT 1   [ RunTime:0.9401s ]
SQL: SELECT COUNT(*) AS tp_count FROM `user` WHERE ( level=1 ) LIMIT 1   [ RunTime:0.0400s ]
SQL: SHOW COLUMNS FROM `arcticles` [ RunTime:0.0400s ]
SQL: SELECT COUNT(*) AS tp_count FROM `arcticles` LIMIT 1   [ RunTime:0.0410s ]
SQL: SELECT COUNT(*) AS tp_count FROM `arcticles` INNER JOIN user on user.id=arcticles.a_uid  WHERE ( level=2 ) LIMIT 1   [ RunTime:0.0420s ]
SQL: SELECT COUNT(*) AS tp_count FROM `arcticles` INNER JOIN user on user.id=arcticles.a_uid  WHERE ( level=1 ) LIMIT 1   [ RunTime:0.3410s ]
SQL: SELECT `id`,`status`,`real_name`,`addr` FROM `user` ORDER BY id desc  [ RunTime:0.0410s ]
SQL: SELECT COUNT(*) AS tp_count FROM `user_visit_log` LIMIT 1   [ RunTime:0.0390s ]
SQL: SELECT sum(num) as n FROM `user_visit_log` LIMIT 1   [ RunTime:0.0390s ]
INFO: [ view_parse ] --START--
INFO: [ template_filter ] --START--
INFO: Run Behavior\ContentReplaceBehavior [ RunTime:0.000000s ]
INFO: [ template_filter ] --END-- [ RunTime:0.000000s ]
NOTIC: [8] Array to string conversion D:\phpStudy\WWW\hongsheng\Application\Runtime\Cache\Home\5b49c463505072e022b75882fc2d4668.php 第 24 行.
INFO: Run Behavior\ParseTemplateBehavior [ RunTime:0.009000s ]
INFO: [ view_parse ] --END-- [ RunTime:0.009000s ]
INFO: [ view_filter ] --START--
INFO: Run Behavior\WriteHtmlCacheBehavior [ RunTime:0.000000s ]
INFO: [ view_filter ] --END-- [ RunTime:0.000000s ]
INFO: [ app_end ] --START--
INFO: Run Behavior\ShowPageTraceBehavior [ RunTime:0.001000s ]
INFO: [ app_end ] --END-- [ RunTime:0.001000s ]

[ 2017-05-04T14:35:56+08:00 ] 127.0.0.1 /hongsheng/index.php/Home/Index/manage.html
INFO: [ app_init ] --START--
INFO: Run Behavior\BuildLiteBehavior [ RunTime:0.000000s ]
INFO: [ app_init ] --END-- [ RunTime:0.000000s ]
INFO: [ app_begin ] --START--
INFO: Run Behavior\ReadHtmlCacheBehavior [ RunTime:0.000000s ]
INFO: [ app_begin ] --END-- [ RunTime:0.000000s ]
SQL: SHOW COLUMNS FROM `user_visit_log` [ RunTime:0.0410s ]
SQL: SELECT * FROM `user_visit_log` WHERE `ip` = '127.0.0.1' LIMIT 1   [ RunTime:0.0400s ]
SQL: UPDATE `user_visit_log` SET `num`=num+1 WHERE `ip` = '127.0.0.1' [ RunTime:0.0400s ]
SQL: SHOW COLUMNS FROM `user` [ RunTime:0.0430s ]
SQL: SELECT COUNT(*) AS tp_count FROM `user` LIMIT 1   [ RunTime:0.0400s ]
SQL: SELECT COUNT(*) AS tp_count FROM `user` WHERE ( level=2 ) LIMIT 1   [ RunTime:0.0390s ]
SQL: SELECT COUNT(*) AS tp_count FROM `user` WHERE ( level=1 ) LIMIT 1   [ RunTime:0.0420s ]
SQL: SHOW COLUMNS FROM `arcticles` [ RunTime:0.0440s ]
SQL: SELECT COUNT(*) AS tp_count FROM `arcticles` LIMIT 1   [ RunTime:0.0410s ]
SQL: SELECT COUNT(*) AS tp_count FROM `arcticles` INNER JOIN user on user.id=arcticles.a_uid  WHERE ( level=2 ) LIMIT 1   [ RunTime:0.0430s ]
SQL: SELECT COUNT(*) AS tp_count FROM `arcticles` INNER JOIN user on user.id=arcticles.a_uid  WHERE ( level=1 ) LIMIT 1   [ RunTime:0.0400s ]
SQL: SELECT `id`,`status`,`real_name`,`addr` FROM `user` ORDER BY id desc  [ RunTime:0.0410s ]
SQL: SELECT COUNT(*) AS tp_count FROM `user_visit_log` LIMIT 1   [ RunTime:0.0400s ]
SQL: SELECT sum(num) as n FROM `user_visit_log` LIMIT 1   [ RunTime:0.0410s ]
INFO: [ view_parse ] --START--
INFO: [ template_filter ] --START--
INFO: Run Behavior\ContentReplaceBehavior [ RunTime:0.000000s ]
INFO: [ template_filter ] --END-- [ RunTime:0.000000s ]
NOTIC: [8] Array to string conversion D:\phpStudy\WWW\hongsheng\Application\Runtime\Cache\Home\5b49c463505072e022b75882fc2d4668.php 第 24 行.
INFO: Run Behavior\ParseTemplateBehavior [ RunTime:0.006001s ]
INFO: [ view_parse ] --END-- [ RunTime:0.006001s ]
INFO: [ view_filter ] --START--
INFO: Run Behavior\WriteHtmlCacheBehavior [ RunTime:0.000000s ]
INFO: [ view_filter ] --END-- [ RunTime:0.000000s ]
INFO: [ app_end ] --START--
INFO: Run Behavior\ShowPageTraceBehavior [ RunTime:0.001000s ]
INFO: [ app_end ] --END-- [ RunTime:0.001000s ]

[ 2017-05-04T14:36:01+08:00 ] 127.0.0.1 /hongsheng/index.php/Home/Index/manage.html
INFO: [ app_init ] --START--
INFO: Run Behavior\BuildLiteBehavior [ RunTime:0.000000s ]
INFO: [ app_init ] --END-- [ RunTime:0.001000s ]
INFO: [ app_begin ] --START--
INFO: Run Behavior\ReadHtmlCacheBehavior [ RunTime:0.000000s ]
INFO: [ app_begin ] --END-- [ RunTime:0.000000s ]
SQL: SHOW COLUMNS FROM `user_visit_log` [ RunTime:0.0440s ]
SQL: SELECT * FROM `user_visit_log` WHERE `ip` = '127.0.0.1' LIMIT 1   [ RunTime:0.0400s ]
SQL: UPDATE `user_visit_log` SET `num`=num+1 WHERE `ip` = '127.0.0.1' [ RunTime:0.0400s ]
SQL: SHOW COLUMNS FROM `user` [ RunTime:0.0410s ]
SQL: SELECT COUNT(*) AS tp_count FROM `user` LIMIT 1   [ RunTime:0.0380s ]
SQL: SELECT COUNT(*) AS tp_count FROM `user` WHERE ( level=2 ) LIMIT 1   [ RunTime:0.0390s ]
SQL: SELECT COUNT(*) AS tp_count FROM `user` WHERE ( level=1 ) LIMIT 1   [ RunTime:0.0380s ]
SQL: SHOW COLUMNS FROM `arcticles` [ RunTime:0.0410s ]
SQL: SELECT COUNT(*) AS tp_count FROM `arcticles` LIMIT 1   [ RunTime:0.0420s ]
SQL: SELECT COUNT(*) AS tp_count FROM `arcticles` INNER JOIN user on user.id=arcticles.a_uid  WHERE ( level=2 ) LIMIT 1   [ RunTime:0.0400s ]
SQL: SELECT COUNT(*) AS tp_count FROM `arcticles` INNER JOIN user on user.id=arcticles.a_uid  WHERE ( level=1 ) LIMIT 1   [ RunTime:0.0390s ]
SQL: SELECT `id`,`status`,`real_name`,`addr` FROM `user` ORDER BY id desc  [ RunTime:0.0410s ]
SQL: SELECT COUNT(*) AS tp_count FROM `user_visit_log` LIMIT 1   [ RunTime:0.0390s ]
SQL: SELECT sum(num) as n FROM `user_visit_log` LIMIT 1   [ RunTime:0.0390s ]
INFO: [ view_parse ] --START--
INFO: [ template_filter ] --START--
INFO: Run Behavior\ContentReplaceBehavior [ RunTime:0.000000s ]
INFO: [ template_filter ] --END-- [ RunTime:0.000000s ]
NOTIC: [8] Array to string conversion D:\phpStudy\WWW\hongsheng\Application\Runtime\Cache\Home\5b49c463505072e022b75882fc2d4668.php 第 24 行.
INFO: Run Behavior\ParseTemplateBehavior [ RunTime:0.006000s ]
INFO: [ view_parse ] --END-- [ RunTime:0.006000s ]
INFO: [ view_filter ] --START--
INFO: Run Behavior\WriteHtmlCacheBehavior [ RunTime:0.001000s ]
INFO: [ view_filter ] --END-- [ RunTime:0.001000s ]
INFO: [ app_end ] --START--
INFO: Run Behavior\ShowPageTraceBehavior [ RunTime:0.001000s ]
INFO: [ app_end ] --END-- [ RunTime:0.001000s ]

[ 2017-05-04T14:36:37+08:00 ] 127.0.0.1 /hongsheng/index.php/Home/Index/manage.html
INFO: [ app_init ] --START--
INFO: Run Behavior\BuildLiteBehavior [ RunTime:0.000000s ]
INFO: [ app_init ] --END-- [ RunTime:0.001000s ]
INFO: [ app_begin ] --START--
INFO: Run Behavior\ReadHtmlCacheBehavior [ RunTime:0.001000s ]
INFO: [ app_begin ] --END-- [ RunTime:0.001000s ]
SQL: SHOW COLUMNS FROM `user_visit_log` [ RunTime:0.0400s ]
SQL: SELECT * FROM `user_visit_log` WHERE `ip` = '127.0.0.1' LIMIT 1   [ RunTime:0.0410s ]
SQL: UPDATE `user_visit_log` SET `num`=num+1 WHERE `ip` = '127.0.0.1' [ RunTime:0.0410s ]
SQL: SHOW COLUMNS FROM `user` [ RunTime:0.0410s ]
SQL: SELECT COUNT(*) AS tp_count FROM `user` LIMIT 1   [ RunTime:0.0400s ]
SQL: SELECT COUNT(*) AS tp_count FROM `user` WHERE ( level=2 ) LIMIT 1   [ RunTime:0.0400s ]
SQL: SELECT COUNT(*) AS tp_count FROM `user` WHERE ( level=1 ) LIMIT 1   [ RunTime:0.0480s ]
SQL: SHOW COLUMNS FROM `arcticles` [ RunTime:0.0410s ]
SQL: SELECT COUNT(*) AS tp_count FROM `arcticles` LIMIT 1   [ RunTime:0.0390s ]
SQL: SELECT COUNT(*) AS tp_count FROM `arcticles` INNER JOIN user on user.id=arcticles.a_uid  WHERE ( level=2 ) LIMIT 1   [ RunTime:0.0410s ]
SQL: SELECT COUNT(*) AS tp_count FROM `arcticles` INNER JOIN user on user.id=arcticles.a_uid  WHERE ( level=1 ) LIMIT 1   [ RunTime:0.0400s ]
SQL: SELECT `id`,`status`,`real_name`,`addr` FROM `user` ORDER BY id desc  [ RunTime:0.0420s ]
SQL: SELECT COUNT(*) AS tp_count FROM `user_visit_log` LIMIT 1   [ RunTime:0.0400s ]
SQL: SELECT sum(num) as n FROM `user_visit_log` LIMIT 1   [ RunTime:0.0420s ]
INFO: [ view_parse ] --START--
INFO: [ template_filter ] --START--
INFO: Run Behavior\ContentReplaceBehavior [ RunTime:0.000000s ]
INFO: [ template_filter ] --END-- [ RunTime:0.000000s ]
NOTIC: [8] Array to string conversion D:\phpStudy\WWW\hongsheng\Application\Runtime\Cache\Home\5b49c463505072e022b75882fc2d4668.php 第 24 行.
INFO: Run Behavior\ParseTemplateBehavior [ RunTime:0.007001s ]
INFO: [ view_parse ] --END-- [ RunTime:0.007001s ]
INFO: [ view_filter ] --START--
INFO: Run Behavior\WriteHtmlCacheBehavior [ RunTime:0.000000s ]
INFO: [ view_filter ] --END-- [ RunTime:0.000000s ]
INFO: [ app_end ] --START--
INFO: Run Behavior\ShowPageTraceBehavior [ RunTime:0.001000s ]
INFO: [ app_end ] --END-- [ RunTime:0.001000s ]

[ 2017-05-04T14:36:49+08:00 ] 127.0.0.1 /hongsheng/index.php/Home/Index/manage.html
INFO: [ app_init ] --START--
INFO: Run Behavior\BuildLiteBehavior [ RunTime:0.000000s ]
INFO: [ app_init ] --END-- [ RunTime:0.001000s ]
INFO: [ app_begin ] --START--
INFO: Run Behavior\ReadHtmlCacheBehavior [ RunTime:0.001000s ]
INFO: [ app_begin ] --END-- [ RunTime:0.001000s ]
SQL: SHOW COLUMNS FROM `user_visit_log` [ RunTime:0.0400s ]
SQL: SELECT * FROM `user_visit_log` WHERE `ip` = '127.0.0.1' LIMIT 1   [ RunTime:0.0380s ]
SQL: UPDATE `user_visit_log` SET `num`=num+1 WHERE `ip` = '127.0.0.1' [ RunTime:0.0370s ]
SQL: SHOW COLUMNS FROM `user` [ RunTime:0.0380s ]
SQL: SELECT COUNT(*) AS tp_count FROM `user` LIMIT 1   [ RunTime:0.0380s ]
SQL: SELECT COUNT(*) AS tp_count FROM `user` WHERE ( level=2 ) LIMIT 1   [ RunTime:0.0390s ]
SQL: SELECT COUNT(*) AS tp_count FROM `user` WHERE ( level=1 ) LIMIT 1   [ RunTime:0.0390s ]
SQL: SHOW COLUMNS FROM `arcticles` [ RunTime:0.0380s ]
SQL: SELECT COUNT(*) AS tp_count FROM `arcticles` LIMIT 1   [ RunTime:0.0380s ]
SQL: SELECT COUNT(*) AS tp_count FROM `arcticles` INNER JOIN user on user.id=arcticles.a_uid  WHERE ( level=2 ) LIMIT 1   [ RunTime:0.0390s ]
SQL: SELECT COUNT(*) AS tp_count FROM `arcticles` INNER JOIN user on user.id=arcticles.a_uid  WHERE ( level=1 ) LIMIT 1   [ RunTime:0.0390s ]
SQL: SELECT `id`,`status`,`real_name`,`addr` FROM `user` ORDER BY id desc  [ RunTime:0.0390s ]
SQL: SELECT COUNT(*) AS tp_count FROM `user_visit_log` LIMIT 1   [ RunTime:0.0410s ]
SQL: SELECT sum(num) as n FROM `user_visit_log` LIMIT 1   [ RunTime:0.0380s ]
INFO: [ view_parse ] --START--
INFO: [ template_filter ] --START--
INFO: Run Behavior\ContentReplaceBehavior [ RunTime:0.000000s ]
INFO: [ template_filter ] --END-- [ RunTime:0.000000s ]
NOTIC: [8] Array to string conversion D:\phpStudy\WWW\hongsheng\Application\Runtime\Cache\Home\5b49c463505072e022b75882fc2d4668.php 第 24 行.
INFO: Run Behavior\ParseTemplateBehavior [ RunTime:0.005000s ]
INFO: [ view_parse ] --END-- [ RunTime:0.005000s ]
INFO: [ view_filter ] --START--
INFO: Run Behavior\WriteHtmlCacheBehavior [ RunTime:0.001000s ]
INFO: [ view_filter ] --END-- [ RunTime:0.001000s ]
INFO: [ app_end ] --START--
INFO: Run Behavior\ShowPageTraceBehavior [ RunTime:0.000000s ]
INFO: [ app_end ] --END-- [ RunTime:0.000000s ]

[ 2017-05-04T14:36:56+08:00 ] 127.0.0.1 /hongsheng/index.php/Home/Index/manage.html
INFO: [ app_init ] --START--
INFO: Run Behavior\BuildLiteBehavior [ RunTime:0.000000s ]
INFO: [ app_init ] --END-- [ RunTime:0.001000s ]
INFO: [ app_begin ] --START--
INFO: Run Behavior\ReadHtmlCacheBehavior [ RunTime:0.001000s ]
INFO: [ app_begin ] --END-- [ RunTime:0.001000s ]
SQL: SHOW COLUMNS FROM `user_visit_log` [ RunTime:0.0400s ]
SQL: SELECT * FROM `user_visit_log` WHERE `ip` = '127.0.0.1' LIMIT 1   [ RunTime:0.0380s ]
SQL: UPDATE `user_visit_log` SET `num`=num+1 WHERE `ip` = '127.0.0.1' [ RunTime:0.0380s ]
SQL: SHOW COLUMNS FROM `user` [ RunTime:0.0380s ]
SQL: SELECT COUNT(*) AS tp_count FROM `user` LIMIT 1   [ RunTime:0.0390s ]
SQL: SELECT COUNT(*) AS tp_count FROM `user` WHERE ( level=2 ) LIMIT 1   [ RunTime:0.0380s ]
SQL: SELECT COUNT(*) AS tp_count FROM `user` WHERE ( level=1 ) LIMIT 1   [ RunTime:0.0370s ]
SQL: SHOW COLUMNS FROM `arcticles` [ RunTime:0.0390s ]
SQL: SELECT COUNT(*) AS tp_count FROM `arcticles` LIMIT 1   [ RunTime:0.0390s ]
SQL: SELECT COUNT(*) AS tp_count FROM `arcticles` INNER JOIN user on user.id=arcticles.a_uid  WHERE ( level=2 ) LIMIT 1   [ RunTime:0.0370s ]
SQL: SELECT COUNT(*) AS tp_count FROM `arcticles` INNER JOIN user on user.id=arcticles.a_uid  WHERE ( level=1 ) LIMIT 1   [ RunTime:0.0390s ]
SQL: SELECT `id`,`status`,`real_name`,`addr` FROM `user` ORDER BY id desc  [ RunTime:0.0380s ]
SQL: SELECT COUNT(*) AS tp_count FROM `user_visit_log` LIMIT 1   [ RunTime:0.0380s ]
SQL: SELECT sum(num) as n FROM `user_visit_log` LIMIT 1   [ RunTime:0.0390s ]
INFO: [ view_parse ] --START--
INFO: [ template_filter ] --START--
INFO: Run Behavior\ContentReplaceBehavior [ RunTime:0.000000s ]
INFO: [ template_filter ] --END-- [ RunTime:0.000000s ]
NOTIC: [8] Array to string conversion D:\phpStudy\WWW\hongsheng\Application\Runtime\Cache\Home\5b49c463505072e022b75882fc2d4668.php 第 24 行.
INFO: Run Behavior\ParseTemplateBehavior [ RunTime:0.008000s ]
INFO: [ view_parse ] --END-- [ RunTime:0.008000s ]
INFO: [ view_filter ] --START--
INFO: Run Behavior\WriteHtmlCacheBehavior [ RunTime:0.001000s ]
INFO: [ view_filter ] --END-- [ RunTime:0.001000s ]
INFO: [ app_end ] --START--
INFO: Run Behavior\ShowPageTraceBehavior [ RunTime:0.000000s ]
INFO: [ app_end ] --END-- [ RunTime:0.000000s ]

[ 2017-05-04T14:38:29+08:00 ] 127.0.0.1 /hongsheng/index.php/Home/Index/manage.html
INFO: [ app_init ] --START--
INFO: Run Behavior\BuildLiteBehavior [ RunTime:0.000000s ]
INFO: [ app_init ] --END-- [ RunTime:0.001000s ]
INFO: [ app_begin ] --START--
INFO: Run Behavior\ReadHtmlCacheBehavior [ RunTime:0.002000s ]
INFO: [ app_begin ] --END-- [ RunTime:0.002000s ]
SQL: SHOW COLUMNS FROM `user_visit_log` [ RunTime:0.0380s ]
SQL: SELECT * FROM `user_visit_log` WHERE `ip` = '127.0.0.1' LIMIT 1   [ RunTime:0.0380s ]
SQL: UPDATE `user_visit_log` SET `num`=num+1 WHERE `ip` = '127.0.0.1' [ RunTime:0.0390s ]
SQL: SHOW COLUMNS FROM `user` [ RunTime:0.0390s ]
SQL: SELECT COUNT(*) AS tp_count FROM `user` LIMIT 1   [ RunTime:0.0410s ]
SQL: SELECT COUNT(*) AS tp_count FROM `user` WHERE ( level=2 ) LIMIT 1   [ RunTime:0.0390s ]
SQL: SELECT COUNT(*) AS tp_count FROM `user` WHERE ( level=1 ) LIMIT 1   [ RunTime:0.0380s ]
SQL: SHOW COLUMNS FROM `arcticles` [ RunTime:0.0380s ]
SQL: SELECT COUNT(*) AS tp_count FROM `arcticles` LIMIT 1   [ RunTime:0.0380s ]
SQL: SELECT COUNT(*) AS tp_count FROM `arcticles` INNER JOIN user on user.id=arcticles.a_uid  WHERE ( level=2 ) LIMIT 1   [ RunTime:0.0390s ]
SQL: SELECT COUNT(*) AS tp_count FROM `arcticles` INNER JOIN user on user.id=arcticles.a_uid  WHERE ( level=1 ) LIMIT 1   [ RunTime:0.0370s ]
SQL: SELECT `id`,`status`,`real_name`,`addr` FROM `user` ORDER BY id desc  [ RunTime:0.0380s ]
SQL: SELECT COUNT(*) AS tp_count FROM `user_visit_log` LIMIT 1   [ RunTime:0.0390s ]
SQL: SELECT sum(num) as n FROM `user_visit_log` LIMIT 1   [ RunTime:0.0390s ]
INFO: [ view_parse ] --START--
INFO: [ template_filter ] --START--
INFO: Run Behavior\ContentReplaceBehavior [ RunTime:0.000000s ]
INFO: [ template_filter ] --END-- [ RunTime:0.000000s ]
INFO: Run Behavior\ParseTemplateBehavior [ RunTime:0.008001s ]
INFO: [ view_parse ] --END-- [ RunTime:0.008001s ]
INFO: [ view_filter ] --START--
INFO: Run Behavior\WriteHtmlCacheBehavior [ RunTime:0.000000s ]
INFO: [ view_filter ] --END-- [ RunTime:0.000000s ]
INFO: [ app_end ] --START--
INFO: Run Behavior\ShowPageTraceBehavior [ RunTime:0.001000s ]
INFO: [ app_end ] --END-- [ RunTime:0.001000s ]

[ 2017-05-04T14:38:30+08:00 ] 127.0.0.1 /hongsheng/index.php/Home/Index/manage.html
INFO: [ app_init ] --START--
INFO: Run Behavior\BuildLiteBehavior [ RunTime:0.000000s ]
INFO: [ app_init ] --END-- [ RunTime:0.000000s ]
INFO: [ app_begin ] --START--
INFO: Run Behavior\ReadHtmlCacheBehavior [ RunTime:0.000000s ]
INFO: [ app_begin ] --END-- [ RunTime:0.000000s ]
SQL: SHOW COLUMNS FROM `user_visit_log` [ RunTime:0.0410s ]
SQL: SELECT * FROM `user_visit_log` WHERE `ip` = '127.0.0.1' LIMIT 1   [ RunTime:0.0420s ]
SQL: UPDATE `user_visit_log` SET `num`=num+1 WHERE `ip` = '127.0.0.1' [ RunTime:0.0380s ]
SQL: SHOW COLUMNS FROM `user` [ RunTime:0.0390s ]
SQL: SELECT COUNT(*) AS tp_count FROM `user` LIMIT 1   [ RunTime:0.0380s ]
SQL: SELECT COUNT(*) AS tp_count FROM `user` WHERE ( level=2 ) LIMIT 1   [ RunTime:0.0390s ]
SQL: SELECT COUNT(*) AS tp_count FROM `user` WHERE ( level=1 ) LIMIT 1   [ RunTime:0.0380s ]
SQL: SHOW COLUMNS FROM `arcticles` [ RunTime:0.0450s ]
SQL: SELECT COUNT(*) AS tp_count FROM `arcticles` LIMIT 1   [ RunTime:0.0390s ]
SQL: SELECT COUNT(*) AS tp_count FROM `arcticles` INNER JOIN user on user.id=arcticles.a_uid  WHERE ( level=2 ) LIMIT 1   [ RunTime:0.0390s ]
SQL: SELECT COUNT(*) AS tp_count FROM `arcticles` INNER JOIN user on user.id=arcticles.a_uid  WHERE ( level=1 ) LIMIT 1   [ RunTime:0.0400s ]
SQL: SELECT `id`,`status`,`real_name`,`addr` FROM `user` ORDER BY id desc  [ RunTime:0.0380s ]
SQL: SELECT COUNT(*) AS tp_count FROM `user_visit_log` LIMIT 1   [ RunTime:0.0380s ]
SQL: SELECT sum(num) as n FROM `user_visit_log` LIMIT 1   [ RunTime:0.0380s ]
INFO: [ view_parse ] --START--
INFO: [ template_filter ] --START--
INFO: Run Behavior\ContentReplaceBehavior [ RunTime:0.000000s ]
INFO: [ template_filter ] --END-- [ RunTime:0.000000s ]
INFO: Run Behavior\ParseTemplateBehavior [ RunTime:0.006000s ]
INFO: [ view_parse ] --END-- [ RunTime:0.006000s ]
INFO: [ view_filter ] --START--
INFO: Run Behavior\WriteHtmlCacheBehavior [ RunTime:0.001000s ]
INFO: [ view_filter ] --END-- [ RunTime:0.001000s ]
INFO: [ app_end ] --START--
INFO: Run Behavior\ShowPageTraceBehavior [ RunTime:0.000000s ]
INFO: [ app_end ] --END-- [ RunTime:0.000000s ]

[ 2017-05-04T14:38:32+08:00 ] 127.0.0.1 /hongsheng/index.php/Home/Index/manage.html
INFO: [ app_init ] --START--
INFO: Run Behavior\BuildLiteBehavior [ RunTime:0.000000s ]
INFO: [ app_init ] --END-- [ RunTime:0.001000s ]
INFO: [ app_begin ] --START--
INFO: Run Behavior\ReadHtmlCacheBehavior [ RunTime:0.001000s ]
INFO: [ app_begin ] --END-- [ RunTime:0.001000s ]
SQL: SHOW COLUMNS FROM `user_visit_log` [ RunTime:0.0400s ]
SQL: SELECT * FROM `user_visit_log` WHERE `ip` = '127.0.0.1' LIMIT 1   [ RunTime:0.0400s ]
SQL: UPDATE `user_visit_log` SET `num`=num+1 WHERE `ip` = '127.0.0.1' [ RunTime:0.0410s ]
SQL: SHOW COLUMNS FROM `user` [ RunTime:0.0430s ]
SQL: SELECT COUNT(*) AS tp_count FROM `user` LIMIT 1   [ RunTime:0.0400s ]
SQL: SELECT COUNT(*) AS tp_count FROM `user` WHERE ( level=2 ) LIMIT 1   [ RunTime:0.0410s ]
SQL: SELECT COUNT(*) AS tp_count FROM `user` WHERE ( level=1 ) LIMIT 1   [ RunTime:0.0390s ]
SQL: SHOW COLUMNS FROM `arcticles` [ RunTime:0.0400s ]
SQL: SELECT COUNT(*) AS tp_count FROM `arcticles` LIMIT 1   [ RunTime:0.0390s ]
SQL: SELECT COUNT(*) AS tp_count FROM `arcticles` INNER JOIN user on user.id=arcticles.a_uid  WHERE ( level=2 ) LIMIT 1   [ RunTime:0.0410s ]
SQL: SELECT COUNT(*) AS tp_count FROM `arcticles` INNER JOIN user on user.id=arcticles.a_uid  WHERE ( level=1 ) LIMIT 1   [ RunTime:0.0400s ]
SQL: SELECT `id`,`status`,`real_name`,`addr` FROM `user` ORDER BY id desc  [ RunTime:0.0400s ]
SQL: SELECT COUNT(*) AS tp_count FROM `user_visit_log` LIMIT 1   [ RunTime:0.0390s ]
SQL: SELECT sum(num) as n FROM `user_visit_log` LIMIT 1   [ RunTime:0.0390s ]
INFO: [ view_parse ] --START--
INFO: [ template_filter ] --START--
INFO: Run Behavior\ContentReplaceBehavior [ RunTime:0.000000s ]
INFO: [ template_filter ] --END-- [ RunTime:0.001000s ]
INFO: Run Behavior\ParseTemplateBehavior [ RunTime:0.007001s ]
INFO: [ view_parse ] --END-- [ RunTime:0.007001s ]
INFO: [ view_filter ] --START--
INFO: Run Behavior\WriteHtmlCacheBehavior [ RunTime:0.001000s ]
INFO: [ view_filter ] --END-- [ RunTime:0.001000s ]
INFO: [ app_end ] --START--
INFO: Run Behavior\ShowPageTraceBehavior [ RunTime:0.000000s ]
INFO: [ app_end ] --END-- [ RunTime:0.000000s ]

[ 2017-05-04T14:38:33+08:00 ] 127.0.0.1 /hongsheng/index.php/Home/Index/manage.html
INFO: [ app_init ] --START--
INFO: Run Behavior\BuildLiteBehavior [ RunTime:0.000000s ]
INFO: [ app_init ] --END-- [ RunTime:0.000000s ]
INFO: [ app_begin ] --START--
INFO: Run Behavior\ReadHtmlCacheBehavior [ RunTime:0.000000s ]
INFO: [ app_begin ] --END-- [ RunTime:0.000000s ]
SQL: SHOW COLUMNS FROM `user_visit_log` [ RunTime:0.0400s ]
SQL: SELECT * FROM `user_visit_log` WHERE `ip` = '127.0.0.1' LIMIT 1   [ RunTime:0.0390s ]
SQL: UPDATE `user_visit_log` SET `num`=num+1 WHERE `ip` = '127.0.0.1' [ RunTime:0.0390s ]
SQL: SHOW COLUMNS FROM `user` [ RunTime:0.0390s ]
SQL: SELECT COUNT(*) AS tp_count FROM `user` LIMIT 1   [ RunTime:0.0390s ]
SQL: SELECT COUNT(*) AS tp_count FROM `user` WHERE ( level=2 ) LIMIT 1   [ RunTime:0.3430s ]
SQL: SELECT COUNT(*) AS tp_count FROM `user` WHERE ( level=1 ) LIMIT 1   [ RunTime:0.0390s ]
SQL: SHOW COLUMNS FROM `arcticles` [ RunTime:0.0400s ]
SQL: SELECT COUNT(*) AS tp_count FROM `arcticles` LIMIT 1   [ RunTime:0.0410s ]
SQL: SELECT COUNT(*) AS tp_count FROM `arcticles` INNER JOIN user on user.id=arcticles.a_uid  WHERE ( level=2 ) LIMIT 1   [ RunTime:0.0390s ]
SQL: SELECT COUNT(*) AS tp_count FROM `arcticles` INNER JOIN user on user.id=arcticles.a_uid  WHERE ( level=1 ) LIMIT 1   [ RunTime:0.0410s ]
SQL: SELECT `id`,`status`,`real_name`,`addr` FROM `user` ORDER BY id desc  [ RunTime:0.0410s ]
SQL: SELECT COUNT(*) AS tp_count FROM `user_visit_log` LIMIT 1   [ RunTime:0.0400s ]
SQL: SELECT sum(num) as n FROM `user_visit_log` LIMIT 1   [ RunTime:0.0390s ]
INFO: [ view_parse ] --START--
INFO: [ template_filter ] --START--
INFO: Run Behavior\ContentReplaceBehavior [ RunTime:0.000000s ]
INFO: [ template_filter ] --END-- [ RunTime:0.000000s ]
INFO: Run Behavior\ParseTemplateBehavior [ RunTime:0.007001s ]
INFO: [ view_parse ] --END-- [ RunTime:0.007001s ]
INFO: [ view_filter ] --START--
INFO: Run Behavior\WriteHtmlCacheBehavior [ RunTime:0.000000s ]
INFO: [ view_filter ] --END-- [ RunTime:0.000000s ]
INFO: [ app_end ] --START--
INFO: Run Behavior\ShowPageTraceBehavior [ RunTime:0.000000s ]
INFO: [ app_end ] --END-- [ RunTime:0.000000s ]

[ 2017-05-04T14:38:35+08:00 ] 127.0.0.1 /hongsheng/index.php/Home/Index/manage.html
INFO: [ app_init ] --START--
INFO: Run Behavior\BuildLiteBehavior [ RunTime:0.000000s ]
INFO: [ app_init ] --END-- [ RunTime:0.000000s ]
INFO: [ app_begin ] --START--
INFO: Run Behavior\ReadHtmlCacheBehavior [ RunTime:0.000000s ]
INFO: [ app_begin ] --END-- [ RunTime:0.000000s ]
SQL: SHOW COLUMNS FROM `user_visit_log` [ RunTime:0.0400s ]
SQL: SELECT * FROM `user_visit_log` WHERE `ip` = '127.0.0.1' LIMIT 1   [ RunTime:0.0410s ]
SQL: UPDATE `user_visit_log` SET `num`=num+1 WHERE `ip` = '127.0.0.1' [ RunTime:0.0410s ]
SQL: SHOW COLUMNS FROM `user` [ RunTime:0.0410s ]
SQL: SELECT COUNT(*) AS tp_count FROM `user` LIMIT 1   [ RunTime:0.0410s ]
SQL: SELECT COUNT(*) AS tp_count FROM `user` WHERE ( level=2 ) LIMIT 1   [ RunTime:0.0400s ]
SQL: SELECT COUNT(*) AS tp_count FROM `user` WHERE ( level=1 ) LIMIT 1   [ RunTime:0.0410s ]
SQL: SHOW COLUMNS FROM `arcticles` [ RunTime:0.0410s ]
SQL: SELECT COUNT(*) AS tp_count FROM `arcticles` LIMIT 1   [ RunTime:0.0410s ]
SQL: SELECT COUNT(*) AS tp_count FROM `arcticles` INNER JOIN user on user.id=arcticles.a_uid  WHERE ( level=2 ) LIMIT 1   [ RunTime:0.0410s ]
SQL: SELECT COUNT(*) AS tp_count FROM `arcticles` INNER JOIN user on user.id=arcticles.a_uid  WHERE ( level=1 ) LIMIT 1   [ RunTime:0.0400s ]
SQL: SELECT `id`,`status`,`real_name`,`addr` FROM `user` ORDER BY id desc  [ RunTime:0.0410s ]
SQL: SELECT COUNT(*) AS tp_count FROM `user_visit_log` LIMIT 1   [ RunTime:0.0400s ]
SQL: SELECT sum(num) as n FROM `user_visit_log` LIMIT 1   [ RunTime:0.0390s ]
INFO: [ view_parse ] --START--
INFO: [ template_filter ] --START--
INFO: Run Behavior\ContentReplaceBehavior [ RunTime:0.000000s ]
INFO: [ template_filter ] --END-- [ RunTime:0.000000s ]
INFO: Run Behavior\ParseTemplateBehavior [ RunTime:0.006000s ]
INFO: [ view_parse ] --END-- [ RunTime:0.007000s ]
INFO: [ view_filter ] --START--
INFO: Run Behavior\WriteHtmlCacheBehavior [ RunTime:0.000000s ]
INFO: [ view_filter ] --END-- [ RunTime:0.000000s ]
INFO: [ app_end ] --START--
INFO: Run Behavior\ShowPageTraceBehavior [ RunTime:0.000000s ]
INFO: [ app_end ] --END-- [ RunTime:0.000000s ]

[ 2017-05-04T14:40:41+08:00 ] 127.0.0.1 /hongsheng/index.php/Home/Index/manage.html
INFO: [ app_init ] --START--
INFO: Run Behavior\BuildLiteBehavior [ RunTime:0.000000s ]
INFO: [ app_init ] --END-- [ RunTime:0.001000s ]
INFO: [ app_begin ] --START--
INFO: Run Behavior\ReadHtmlCacheBehavior [ RunTime:0.001000s ]
INFO: [ app_begin ] --END-- [ RunTime:0.001000s ]
SQL: SHOW COLUMNS FROM `user_visit_log` [ RunTime:0.0410s ]
SQL: SELECT * FROM `user_visit_log` WHERE `ip` = '127.0.0.1' LIMIT 1   [ RunTime:0.0410s ]
SQL: UPDATE `user_visit_log` SET `num`=num+1 WHERE `ip` = '127.0.0.1' [ RunTime:0.0440s ]
SQL: SHOW COLUMNS FROM `user` [ RunTime:0.0410s ]
SQL: SELECT COUNT(*) AS tp_count FROM `user` LIMIT 1   [ RunTime:0.0390s ]
SQL: SELECT COUNT(*) AS tp_count FROM `user` WHERE ( level=2 ) LIMIT 1   [ RunTime:0.0400s ]
SQL: SELECT COUNT(*) AS tp_count FROM `user` WHERE ( level=1 ) LIMIT 1   [ RunTime:0.0410s ]
SQL: SHOW COLUMNS FROM `arcticles` [ RunTime:0.0410s ]
SQL: SELECT COUNT(*) AS tp_count FROM `arcticles` LIMIT 1   [ RunTime:0.0390s ]
SQL: SELECT COUNT(*) AS tp_count FROM `arcticles` INNER JOIN user on user.id=arcticles.a_uid  WHERE ( level=2 ) LIMIT 1   [ RunTime:0.0410s ]
SQL: SELECT COUNT(*) AS tp_count FROM `arcticles` INNER JOIN user on user.id=arcticles.a_uid  WHERE ( level=1 ) LIMIT 1   [ RunTime:0.0400s ]
SQL: SELECT `id`,`status`,`real_name`,`addr` FROM `user` ORDER BY id desc  [ RunTime:0.0390s ]
SQL: SELECT COUNT(*) AS tp_count FROM `user_visit_log` LIMIT 1   [ RunTime:0.0480s ]
SQL: SELECT sum(num) as n FROM `user_visit_log` LIMIT 1   [ RunTime:0.0400s ]
INFO: [ view_parse ] --START--
INFO: [ template_filter ] --START--
INFO: Run Behavior\ContentReplaceBehavior [ RunTime:0.000000s ]
INFO: [ template_filter ] --END-- [ RunTime:0.000000s ]
INFO: Run Behavior\ParseTemplateBehavior [ RunTime:0.007000s ]
INFO: [ view_parse ] --END-- [ RunTime:0.007000s ]
INFO: [ view_filter ] --START--
INFO: Run Behavior\WriteHtmlCacheBehavior [ RunTime:0.000000s ]
INFO: [ view_filter ] --END-- [ RunTime:0.000000s ]
INFO: [ app_end ] --START--
INFO: Run Behavior\ShowPageTraceBehavior [ RunTime:0.001001s ]
INFO: [ app_end ] --END-- [ RunTime:0.001001s ]

[ 2017-05-04T14:40:43+08:00 ] 127.0.0.1 /hongsheng/index.php/Home/Index/manage.html
INFO: [ app_init ] --START--
INFO: Run Behavior\BuildLiteBehavior [ RunTime:0.000000s ]
INFO: [ app_init ] --END-- [ RunTime:0.000000s ]
INFO: [ app_begin ] --START--
INFO: Run Behavior\ReadHtmlCacheBehavior [ RunTime:0.000000s ]
INFO: [ app_begin ] --END-- [ RunTime:0.000000s ]
SQL: SHOW COLUMNS FROM `user_visit_log` [ RunTime:0.0390s ]
SQL: SELECT * FROM `user_visit_log` WHERE `ip` = '127.0.0.1' LIMIT 1   [ RunTime:0.0410s ]
SQL: UPDATE `user_visit_log` SET `num`=num+1 WHERE `ip` = '127.0.0.1' [ RunTime:0.0400s ]
SQL: SHOW COLUMNS FROM `user` [ RunTime:0.0400s ]
SQL: SELECT COUNT(*) AS tp_count FROM `user` LIMIT 1   [ RunTime:0.0390s ]
SQL: SELECT COUNT(*) AS tp_count FROM `user` WHERE ( level=2 ) LIMIT 1   [ RunTime:0.0390s ]
SQL: SELECT COUNT(*) AS tp_count FROM `user` WHERE ( level=1 ) LIMIT 1   [ RunTime:0.0390s ]
SQL: SHOW COLUMNS FROM `arcticles` [ RunTime:0.0400s ]
SQL: SELECT COUNT(*) AS tp_count FROM `arcticles` LIMIT 1   [ RunTime:0.0390s ]
SQL: SELECT COUNT(*) AS tp_count FROM `arcticles` INNER JOIN user on user.id=arcticles.a_uid  WHERE ( level=2 ) LIMIT 1   [ RunTime:0.0390s ]
SQL: SELECT COUNT(*) AS tp_count FROM `arcticles` INNER JOIN user on user.id=arcticles.a_uid  WHERE ( level=1 ) LIMIT 1   [ RunTime:0.0390s ]
SQL: SELECT `id`,`status`,`real_name`,`addr` FROM `user` ORDER BY id desc  [ RunTime:0.0400s ]
SQL: SELECT COUNT(*) AS tp_count FROM `user_visit_log` LIMIT 1   [ RunTime:0.0390s ]
SQL: SELECT sum(num) as n FROM `user_visit_log` LIMIT 1   [ RunTime:0.0390s ]
INFO: [ view_parse ] --START--
INFO: [ template_filter ] --START--
INFO: Run Behavior\ContentReplaceBehavior [ RunTime:0.000000s ]
INFO: [ template_filter ] --END-- [ RunTime:0.000000s ]
INFO: Run Behavior\ParseTemplateBehavior [ RunTime:0.007001s ]
INFO: [ view_parse ] --END-- [ RunTime:0.007001s ]
INFO: [ view_filter ] --START--
INFO: Run Behavior\WriteHtmlCacheBehavior [ RunTime:0.000000s ]
INFO: [ view_filter ] --END-- [ RunTime:0.000000s ]
INFO: [ app_end ] --START--
INFO: Run Behavior\ShowPageTraceBehavior [ RunTime:0.001000s ]
INFO: [ app_end ] --END-- [ RunTime:0.001000s ]

[ 2017-05-04T14:40:44+08:00 ] 127.0.0.1 /hongsheng/index.php/Home/Index/manage.html
INFO: [ app_init ] --START--
INFO: Run Behavior\BuildLiteBehavior [ RunTime:0.000000s ]
INFO: [ app_init ] --END-- [ RunTime:0.000000s ]
INFO: [ app_begin ] --START--
INFO: Run Behavior\ReadHtmlCacheBehavior [ RunTime:0.000000s ]
INFO: [ app_begin ] --END-- [ RunTime:0.000000s ]
SQL: SHOW COLUMNS FROM `user_visit_log` [ RunTime:0.0400s ]
SQL: SELECT * FROM `user_visit_log` WHERE `ip` = '127.0.0.1' LIMIT 1   [ RunTime:0.0390s ]
SQL: UPDATE `user_visit_log` SET `num`=num+1 WHERE `ip` = '127.0.0.1' [ RunTime:0.0400s ]
SQL: SHOW COLUMNS FROM `user` [ RunTime:0.0410s ]
SQL: SELECT COUNT(*) AS tp_count FROM `user` LIMIT 1   [ RunTime:0.0380s ]
SQL: SELECT COUNT(*) AS tp_count FROM `user` WHERE ( level=2 ) LIMIT 1   [ RunTime:0.0400s ]
SQL: SELECT COUNT(*) AS tp_count FROM `user` WHERE ( level=1 ) LIMIT 1   [ RunTime:0.0400s ]
SQL: SHOW COLUMNS FROM `arcticles` [ RunTime:0.0410s ]
SQL: SELECT COUNT(*) AS tp_count FROM `arcticles` LIMIT 1   [ RunTime:0.0380s ]
SQL: SELECT COUNT(*) AS tp_count FROM `arcticles` INNER JOIN user on user.id=arcticles.a_uid  WHERE ( level=2 ) LIMIT 1   [ RunTime:0.0390s ]
SQL: SELECT COUNT(*) AS tp_count FROM `arcticles` INNER JOIN user on user.id=arcticles.a_uid  WHERE ( level=1 ) LIMIT 1   [ RunTime:0.0390s ]
SQL: SELECT `id`,`status`,`real_name`,`addr` FROM `user` ORDER BY id desc  [ RunTime:0.0400s ]
SQL: SELECT COUNT(*) AS tp_count FROM `user_visit_log` LIMIT 1   [ RunTime:0.0390s ]
SQL: SELECT sum(num) as n FROM `user_visit_log` LIMIT 1   [ RunTime:0.0410s ]
INFO: [ view_parse ] --START--
INFO: [ template_filter ] --START--
INFO: Run Behavior\ContentReplaceBehavior [ RunTime:0.000000s ]
INFO: [ template_filter ] --END-- [ RunTime:0.000000s ]
INFO: Run Behavior\ParseTemplateBehavior [ RunTime:0.006001s ]
INFO: [ view_parse ] --END-- [ RunTime:0.006001s ]
INFO: [ view_filter ] --START--
INFO: Run Behavior\WriteHtmlCacheBehavior [ RunTime:0.000000s ]
INFO: [ view_filter ] --END-- [ RunTime:0.000000s ]
INFO: [ app_end ] --START--
INFO: Run Behavior\ShowPageTraceBehavior [ RunTime:0.001000s ]
INFO: [ app_end ] --END-- [ RunTime:0.001000s ]

[ 2017-05-04T14:42:54+08:00 ] 127.0.0.1 /hongsheng/index.php/Home/Index/manage.html
INFO: [ app_init ] --START--
INFO: Run Behavior\BuildLiteBehavior [ RunTime:0.000000s ]
INFO: [ app_init ] --END-- [ RunTime:0.001000s ]
INFO: [ app_begin ] --START--
INFO: Run Behavior\ReadHtmlCacheBehavior [ RunTime:0.001000s ]
INFO: [ app_begin ] --END-- [ RunTime:0.001000s ]
SQL: SHOW COLUMNS FROM `user_visit_log` [ RunTime:0.0400s ]
SQL: SELECT * FROM `user_visit_log` WHERE `ip` = '127.0.0.1' LIMIT 1   [ RunTime:0.0380s ]
SQL: UPDATE `user_visit_log` SET `num`=num+1 WHERE `ip` = '127.0.0.1' [ RunTime:0.0390s ]
SQL: SHOW COLUMNS FROM `user` [ RunTime:0.0390s ]
SQL: SELECT COUNT(*) AS tp_count FROM `user` LIMIT 1   [ RunTime:0.0390s ]
SQL: SELECT COUNT(*) AS tp_count FROM `user` WHERE ( level=2 ) LIMIT 1   [ RunTime:0.0400s ]
SQL: SELECT COUNT(*) AS tp_count FROM `user` WHERE ( level=1 ) LIMIT 1   [ RunTime:0.0390s ]
SQL: SHOW COLUMNS FROM `arcticles` [ RunTime:0.0390s ]
SQL: SELECT COUNT(*) AS tp_count FROM `arcticles` LIMIT 1   [ RunTime:0.0390s ]
SQL: SELECT COUNT(*) AS tp_count FROM `arcticles` INNER JOIN user on user.id=arcticles.a_uid  WHERE ( level=2 ) LIMIT 1   [ RunTime:0.0380s ]
SQL: SELECT COUNT(*) AS tp_count FROM `arcticles` INNER JOIN user on user.id=arcticles.a_uid  WHERE ( level=1 ) LIMIT 1   [ RunTime:0.0380s ]
SQL: SELECT `id`,`status`,`real_name`,`addr` FROM `user` ORDER BY id desc  [ RunTime:0.0400s ]
SQL: SELECT COUNT(*) AS tp_count FROM `user_visit_log` LIMIT 1   [ RunTime:0.0390s ]
SQL: SELECT sum(num) as n FROM `user_visit_log` LIMIT 1   [ RunTime:0.0390s ]
INFO: [ view_parse ] --START--
INFO: [ template_filter ] --START--
INFO: Run Behavior\ContentReplaceBehavior [ RunTime:0.000000s ]
INFO: [ template_filter ] --END-- [ RunTime:0.000000s ]
INFO: Run Behavior\ParseTemplateBehavior [ RunTime:0.012001s ]
INFO: [ view_parse ] --END-- [ RunTime:0.012001s ]
INFO: [ view_filter ] --START--
INFO: Run Behavior\WriteHtmlCacheBehavior [ RunTime:0.000000s ]
INFO: [ view_filter ] --END-- [ RunTime:0.000000s ]
INFO: [ app_end ] --START--
INFO: Run Behavior\ShowPageTraceBehavior [ RunTime:0.001000s ]
INFO: [ app_end ] --END-- [ RunTime:0.001000s ]

